#
# There is insufficient memory for the Java Runtime Environment to continue.
# Native memory allocation (mmap) failed to map 266338304 bytes for Failed to commit area from 0x0000000703e00000 to 0x0000000713c00000 of length 266338304.
# Possible reasons:
#   The system is out of physical RAM or swap space
#   The process is running with CompressedOops enabled, and the Java Heap may be blocking the growth of the native heap
# Possible solutions:
#   Reduce memory load on the system
#   Increase physical memory or swap space
#   Check if swap backing store is full
#   Decrease Java heap size (-Xmx/-Xms)
#   Decrease number of Java threads
#   Decrease Java thread stack sizes (-Xss)
#   Set larger code cache with -XX:ReservedCodeCacheSize=
# This output file may be truncated or incomplete.
#
#  Out of Memory Error (t:/workspace/open/src/hotspot/os/windows/os_windows.cpp:3269), pid=15012, tid=12768
#
# JRE version:  (11.0.1+13) (build )
# Java VM: OpenJDK 64-Bit Server VM (11.0.1+13, mixed mode, aot, sharing, tiered, compressed oops, g1 gc, windows-amd64)
# No core dump will be written. Minidumps are not enabled by default on client versions of Windows
#

---------------  S U M M A R Y ------------

Command Line: -Dfile.encoding=UTF-8 com.prodviewService.ProdviewServiceApplication

Host: Intel(R) Core(TM) i5-10210U CPU @ 1.60GHz, 8 cores, 15G,  Windows 10 , 64 bit Build 22000 (10.0.22000.1219)
Time: Fri Nov 18 16:40:49 2022 India Standard Time elapsed time: 0 seconds (0d 0h 0m 0s)

---------------  T H R E A D  ---------------

Current thread (0x0000010fa3503000):  JavaThread "Unknown thread" [_thread_in_vm, id=12768, stack(0x0000000200100000,0x0000000200200000)]

Stack: [0x0000000200100000,0x0000000200200000]
Native frames: (J=compiled Java code, j=interpreted, Vv=VM code, C=native code)
V  [jvm.dll+0x63ad9a]
V  [jvm.dll+0x77851f]
V  [jvm.dll+0x779b08]
V  [jvm.dll+0x77a1c3]
V  [jvm.dll+0x2624c8]
V  [jvm.dll+0x63824a]
V  [jvm.dll+0x62cb05]
V  [jvm.dll+0x31561c]
V  [jvm.dll+0x3154a2]
V  [jvm.dll+0x31ad16]
V  [jvm.dll+0x3671cf]
V  [jvm.dll+0x366bf0]
V  [jvm.dll+0x2f2358]
V  [jvm.dll+0x2f34b6]
V  [jvm.dll+0x7517c7]
V  [jvm.dll+0x752f0f]
V  [jvm.dll+0x373ff9]
V  [jvm.dll+0x738049]
V  [jvm.dll+0x3e357d]
V  [jvm.dll+0x3e58e1]
C  [javaw.exe+0x3613]
C  [javaw.exe+0x17a6c]
C  [KERNEL32.DLL+0x15550]
C  [ntdll.dll+0x485b]


---------------  P R O C E S S  ---------------

Threads class SMR info:
_java_thread_list=0x0000010fa1c314f0, length=0, elements={
}

Java Threads: ( => current thread )

Other Threads:
  0x0000010fa351b000 GCTaskThread "GC Thread#0" [stack: 0x0000000200200000,0x0000000200300000] [id=25112]
  0x0000010fa3579000 ConcurrentGCThread "G1 Main Marker" [stack: 0x0000000200300000,0x0000000200400000] [id=25660]
  0x0000010fa357b000 ConcurrentGCThread "G1 Conc#0" [stack: 0x0000000200400000,0x0000000200500000] [id=23836]

[error occurred during error reporting (printing all threads), id 0xc0000005, EXCEPTION_ACCESS_VIOLATION (0xc0000005) at pc=0x00007ffa8ac90d17]

VM state:not at safepoint (not fully initialized)

VM Mutex/Monitor currently owned by a thread:  ([mutex/lock_event])
[0x0000010fa35001a0] Heap_lock - owner thread: 0x0000010fa3503000

Heap address: 0x0000000703e00000, size: 4034 MB, Compressed Oops mode: Non-zero based: 0x0000000703e00000
Narrow klass base: 0x0000000000000000, Narrow klass shift: 0

GC Heap History (0 events):
No events

Deoptimization events (0 events):
No events

Classes redefined (0 events):
No events

Internal exceptions (0 events):
No events

Events (0 events):
No events


Dynamic libraries:
0x00007ff7fba50000 - 0x00007ff7fba95000 	C:\.Net & Java Software\Open JKD -11\bin\javaw.exe
0x00007ffacd2c0000 - 0x00007ffacd4c9000 	C:\WINDOWS\SYSTEM32\ntdll.dll
0x00007ffacc000000 - 0x00007ffacc0be000 	C:\WINDOWS\System32\KERNEL32.DLL
0x00007ffacaab0000 - 0x00007ffacae2b000 	C:\WINDOWS\System32\KERNELBASE.dll
0x00007ffaccc20000 - 0x00007ffaccdcd000 	C:\WINDOWS\System32\USER32.dll
0x00007ffacaff0000 - 0x00007ffacb016000 	C:\WINDOWS\System32\win32u.dll
0x00007ffacd1e0000 - 0x00007ffacd209000 	C:\WINDOWS\System32\GDI32.dll
0x00007ffacaed0000 - 0x00007ffacafe8000 	C:\WINDOWS\System32\gdi32full.dll
0x00007ffacae30000 - 0x00007ffacaecd000 	C:\WINDOWS\System32\msvcp_win.dll
0x00007ffacb020000 - 0x00007ffacb131000 	C:\WINDOWS\System32\ucrtbase.dll
0x00007ffaad680000 - 0x00007ffaad925000 	C:\WINDOWS\WinSxS\amd64_microsoft.windows.common-controls_6595b64144ccf1df_6.0.22000.120_none_9d947278b86cc467\COMCTL32.dll
0x00007ffacc0c0000 - 0x00007ffacc163000 	C:\WINDOWS\System32\msvcrt.dll
0x00007ffacb220000 - 0x00007ffacb252000 	C:\WINDOWS\System32\IMM32.DLL
0x00007ffabf620000 - 0x00007ffabf636000 	C:\.Net & Java Software\Open JKD -11\bin\vcruntime140.dll
0x00007ffaaabe0000 - 0x00007ffaaac8a000 	C:\.Net & Java Software\Open JKD -11\bin\msvcp140.dll
0x00007ffa8a990000 - 0x00007ffa8b4d1000 	C:\.Net & Java Software\Open JKD -11\bin\server\jvm.dll
0x00007ffacb170000 - 0x00007ffacb21e000 	C:\WINDOWS\System32\ADVAPI32.dll
0x00007ffaccb80000 - 0x00007ffaccc1e000 	C:\WINDOWS\System32\sechost.dll
0x00007ffacb260000 - 0x00007ffacb380000 	C:\WINDOWS\System32\RPCRT4.dll
0x00007ffacb140000 - 0x00007ffacb148000 	C:\WINDOWS\System32\PSAPI.DLL
0x00007ffac22e0000 - 0x00007ffac2313000 	C:\WINDOWS\SYSTEM32\WINMM.dll
0x00007ffabc940000 - 0x00007ffabc949000 	C:\WINDOWS\SYSTEM32\WSOCK32.dll
0x00007ffabf650000 - 0x00007ffabf65a000 	C:\WINDOWS\SYSTEM32\VERSION.dll
0x00007ffacd210000 - 0x00007ffacd27f000 	C:\WINDOWS\System32\WS2_32.dll
0x00007ffac96f0000 - 0x00007ffac9708000 	C:\WINDOWS\SYSTEM32\kernel.appcore.dll
0x00007ffabf410000 - 0x00007ffabf421000 	C:\.Net & Java Software\Open JKD -11\bin\verify.dll
0x00007ffac4460000 - 0x00007ffac4681000 	C:\WINDOWS\SYSTEM32\DBGHELP.DLL
0x00007ffabf7e0000 - 0x00007ffabf811000 	C:\WINDOWS\SYSTEM32\dbgcore.DLL
0x00007ffaca790000 - 0x00007ffaca80f000 	C:\WINDOWS\System32\bcryptPrimitives.dll
0x00007ffabe620000 - 0x00007ffabe648000 	C:\.Net & Java Software\Open JKD -11\bin\java.dll
0x00007ffabf300000 - 0x00007ffabf316000 	C:\.Net & Java Software\Open JKD -11\bin\zip.dll
0x00007ffac1ad0000 - 0x00007ffac1ada000 	C:\.Net & Java Software\Open JKD -11\bin\jimage.dll

dbghelp: loaded successfully - version: 4.0.5 - missing functions: none
symbol engine: initialized successfully - sym options: 0x614 - pdb path: .;C:\.Net & Java Software\Open JKD -11\bin;C:\WINDOWS\SYSTEM32;C:\WINDOWS\WinSxS\amd64_microsoft.windows.common-controls_6595b64144ccf1df_6.0.22000.120_none_9d947278b86cc467;C:\.Net & Java Software\Open JKD -11\bin\server

VM Arguments:
jvm_args: -Dfile.encoding=UTF-8 
java_command: com.prodviewService.ProdviewServiceApplication
java_class_path (initial): C:\Users\md-alfahadansari\Downloads\prodviewService\prodviewService\target\classes;C:\Users\md-alfahadansari\.m2\repository\org\springframework\cloud\spring-cloud-starter-netflix-eureka-client\3.1.4\spring-cloud-starter-netflix-eureka-client-3.1.4.jar;C:\Users\md-alfahadansari\.m2\repository\org\springframework\cloud\spring-cloud-starter\3.1.5\spring-cloud-starter-3.1.5.jar;C:\Users\md-alfahadansari\.m2\repository\org\springframework\cloud\spring-cloud-context\3.1.5\spring-cloud-context-3.1.5.jar;C:\Users\md-alfahadansari\.m2\repository\org\springframework\security\spring-security-crypto\5.7.4\spring-security-crypto-5.7.4.jar;C:\Users\md-alfahadansari\.m2\repository\org\springframework\cloud\spring-cloud-commons\3.1.5\spring-cloud-commons-3.1.5.jar;C:\Users\md-alfahadansari\.m2\repository\org\springframework\security\spring-security-rsa\1.0.11.RELEASE\spring-security-rsa-1.0.11.RELEASE.jar;C:\Users\md-alfahadansari\.m2\repository\org\bouncycastle\bcpkix-jdk15on\1.69\bcpkix-jdk15on-1.69.jar;C:\Users\md-alfahadansari\.m2\repository\org\bouncycastle\bcprov-jdk15on\1.69\bcprov-jdk15on-1.69.jar;C:\Users\md-alfahadansari\.m2\repository\org\bouncycastle\bcutil-jdk15on\1.69\bcutil-jdk15on-1.69.jar;C:\Users\md-alfahadansari\.m2\repository\org\springframework\cloud\spring-cloud-netflix-eureka-client\3.1.4\spring-cloud-netflix-eureka-client-3.1.4.jar;C:\Users\md-alfahadansari\.m2\repository\com\netflix\eureka\eureka-client\1.10.17\eureka-client-1.10.17.jar;C:\Users\md-alfahadansari\.m2\repository\com\netflix\netflix-commons\netflix-eventbus\0.3.0\netflix-eventbus-0.3.0.jar;C:\Users\md-alfahadansari\.m2\repository\com\netflix\netflix-commons\netflix-infix\0.3.0\netflix-infix-0.3.0.jar;C:\Users\md-alfahadansari\.m2\repository\commons-jxpath\commons-jxpath\1.3\commons-jxpath-1.3.jar;C:\Users\md-alfahadansari\.m2\repository\joda-time\joda-time\2.3\joda-time-2.3.jar;C:\Users\md-alfahadansari\.m2\repository\org\antlr\antlr-runtime\3.4\antlr-runtime-3.4.j
Launcher Type: SUN_STANDARD

[Global flags]
     intx CICompilerCount                          = 4                                         {product} {ergonomic}
     uint ConcGCThreads                            = 2                                         {product} {ergonomic}
     uint G1ConcRefinementThreads                  = 8                                         {product} {ergonomic}
   size_t G1HeapRegionSize                         = 1048576                                   {product} {ergonomic}
    uintx GCDrainStackTargetSize                   = 64                                        {product} {ergonomic}
   size_t InitialHeapSize                          = 266338304                                 {product} {ergonomic}
   size_t MarkStackSize                            = 4194304                                   {product} {ergonomic}
   size_t MaxHeapSize                              = 4229955584                                {product} {ergonomic}
   size_t MinHeapDeltaBytes                        = 1048576                                   {product} {ergonomic}
    uintx NonNMethodCodeHeapSize                   = 5835340                                {pd product} {ergonomic}
    uintx NonProfiledCodeHeapSize                  = 122911450                              {pd product} {ergonomic}
    uintx ProfiledCodeHeapSize                     = 122911450                              {pd product} {ergonomic}
    uintx ReservedCodeCacheSize                    = 251658240                              {pd product} {ergonomic}
     bool SegmentedCodeCache                       = true                                      {product} {ergonomic}
     bool UseCompressedClassPointers               = true                                 {lp64_product} {ergonomic}
     bool UseCompressedOops                        = true                                 {lp64_product} {ergonomic}
     bool UseG1GC                                  = true                                      {product} {ergonomic}
     bool UseLargePagesIndividualAllocation        = false                                  {pd product} {ergonomic}

Logging:
Log output configuration:
 #0: stdout all=warning uptime,level,tags
 #1: stderr all=off uptime,level,tags

Environment Variables:
JAVA_HOME=C:\.Net & Java Software\Open JKD -11
PATH=C:\Program Files\Common Files\Oracle\Java\javapath;C:\Windows\system32;C:\Windows;C:\Windows\System32\Wbem;C:\Windows\System32\WindowsPowerShell\v1.0\;C:\Windows\System32\OpenSSH\;C:\Program Files\TortoiseSVN\bin;C:\.Net & Java Software\Open JKD -11bin;C:\Program Files\dotnet\;C:\Program Files\Microsoft SQL Server\130\Tools\Binn\;C:\Program Files\Microsoft SQL Server\Client SDK\ODBC\170\Tools\Binn\;C:\Program Files\nodejs\;C:\Program Files (x86)\Microsoft SQL Server\150\DTS\Binn\;C:\Program Files\Azure Data Studio\bin;C:\Program Files (x86)\Microsoft SQL Server\140\Tools\Binn\;C:\Program Files\Microsoft SQL Server\140\Tools\Binn\;C:\Program Files (x86)\Microsoft SQL Server\140\DTS\Binn\;C:\Program Files\Microsoft SQL Server\140\DTS\Binn\;C:\Program Files\Microsoft SQL Server\Client SDK\ODBC\130\Tools\Binn\;C:\Program Files\Git\cmd;C:\Program Files (x86)\dotnet\;C:\Program Files\Java\jdk-11.0.11\bin;C:\apache-maven-3.8.6\bin;;%SystemRoot%\system32;%SystemRoot%;%SystemRoot%\System32\Wbem;%SYSTEMROOT%\System32\WindowsPowerShell\v1.0\;%SYSTEMROOT%\System32\OpenSSH\;C:\Users\md-alfahadansari\AppData\Local\Microsoft\WindowsApps;C:\Users\md-alfahadansari\.dotnet\tools;C:\Users\md-alfahadansari\AppData\Roaming\npm;C:\Users\md-alfahadansari\AppData\Local\Programs\Microsoft VS Code\bin;C:\Program Files\Azure Data Studio\bin;C:\Program Files\JetBrains\IntelliJ IDEA Community Edition 2022.1.2\bin;;C:\Program Files\MongoDB\Server\6.0\bin;
USERNAME=md-alfahadansari
OS=Windows_NT
PROCESSOR_IDENTIFIER=Intel64 Family 6 Model 142 Stepping 12, GenuineIntel



---------------  S Y S T E M  ---------------

OS: Windows 10 , 64 bit Build 22000 (10.0.22000.1219)

CPU:total 8 (initial active 8) (4 cores per cpu, 2 threads per core) family 6 model 142 stepping 12, cmov, cx8, fxsr, mmx, sse, sse2, sse3, ssse3, sse4.1, sse4.2, popcnt, avx, avx2, aes, clmul, erms, 3dnowpref, lzcnt, ht, tsc, tscinvbit, bmi1, bmi2, adx, fma

Memory: 4k page, system-wide physical 16134M (4935M free)
TotalPageFile size 33670M (AvailPageFile size 228M)
current process WorkingSet (physical memory assigned to process): 10M, peak: 10M
current process commit charge ("private bytes"): 61M, peak: 314M

vm_info: OpenJDK 64-Bit Server VM (11.0.1+13) for windows-amd64 JRE (11.0.1+13), built on Oct  6 2018 13:18:13 by "mach5one" with MS VC++ 15.5 (VS2017)

END.
