#
# There is insufficient memory for the Java Runtime Environment to continue.
# Native memory allocation (malloc) failed to allocate 1990096 bytes for Chunk::new
# Possible reasons:
#   The system is out of physical RAM or swap space
#   The process is running with CompressedOops enabled, and the Java Heap may be blocking the growth of the native heap
# Possible solutions:
#   Reduce memory load on the system
#   Increase physical memory or swap space
#   Check if swap backing store is full
#   Decrease Java heap size (-Xmx/-Xms)
#   Decrease number of Java threads
#   Decrease Java thread stack sizes (-Xss)
#   Set larger code cache with -XX:ReservedCodeCacheSize=
#   JVM is running with Zero Based Compressed Oops mode in which the Java heap is
#     placed in the first 32GB address space. The Java Heap base address is the
#     maximum limit for the native heap growth. Please use -XX:HeapBaseMinAddress
#     to set the Java Heap base and to place the Java Heap above 32GB virtual address.
# This output file may be truncated or incomplete.
#
#  Out of Memory Error (t:/workspace/open/src/hotspot/share/memory/arena.cpp:197), pid=20364, tid=16220
#
# JRE version: OpenJDK Runtime Environment (11.0.1+13) (build 11.0.1+13)
# Java VM: OpenJDK 64-Bit Server VM (11.0.1+13, mixed mode, tiered, compressed oops, g1 gc, windows-amd64)
# No core dump will be written. Minidumps are not enabled by default on client versions of Windows
#

---------------  S U M M A R Y ------------

Command Line: -Dfile.encoding=UTF-8 com.prodviewService.ProdviewServiceApplication

Host: Intel(R) Core(TM) i5-10210U CPU @ 1.60GHz, 8 cores, 15G,  Windows 10 , 64 bit Build 22000 (10.0.22000.1219)
Time: Fri Nov 18 16:46:19 2022 India Standard Time elapsed time: 8 seconds (0d 0h 0m 8s)

---------------  T H R E A D  ---------------

Current thread (0x000001b1d1d41000):  JavaThread "C2 CompilerThread0" daemon [_thread_in_native, id=16220, stack(0x0000006a8b900000,0x0000006a8ba00000)]


Current CompileTask:
C2:   8056 4463   !   4       jdk.internal.loader.BuiltinClassLoader::findClassOnClassPathOrNull (64 bytes)

Stack: [0x0000006a8b900000,0x0000006a8ba00000]
Native frames: (J=compiled Java code, j=interpreted, Vv=VM code, C=native code)
V  [jvm.dll+0x63ad9a]
V  [jvm.dll+0x77851f]
V  [jvm.dll+0x779b08]
V  [jvm.dll+0x77a1c3]
V  [jvm.dll+0x2624c8]
V  [jvm.dll+0xc5b61]
V  [jvm.dll+0xc60fc]
V  [jvm.dll+0x36e637]
V  [jvm.dll+0x33b413]
V  [jvm.dll+0x33a7ea]
V  [jvm.dll+0x21c365]
V  [jvm.dll+0x21b50a]
V  [jvm.dll+0x198400]
V  [jvm.dll+0x22a4ff]
V  [jvm.dll+0x228b18]
V  [jvm.dll+0x73dc2d]
V  [jvm.dll+0x639e32]
C  [ucrtbase.dll+0x26c0c]
C  [KERNEL32.DLL+0x15550]
C  [ntdll.dll+0x485b]


---------------  P R O C E S S  ---------------

Threads class SMR info:
_java_thread_list=0x000001b1d2ec9120, length=32, elements={
0x000001b1ad512800, 0x000001b1d146d800, 0x000001b1d1478800, 0x000001b1d1d33000,
0x000001b1d1d36000, 0x000001b1d1d41000, 0x000001b1d1d87800, 0x000001b1d1da0000,
0x000001b1d1f02800, 0x000001b1d1f0c800, 0x000001b1d1d8e000, 0x000001b1d66e1000,
0x000001b1d39f8000, 0x000001b1d39f8800, 0x000001b1d7bb4800, 0x000001b1d1d8b800,
0x000001b1d64cf800, 0x000001b1d6362800, 0x000001b1d65d7800, 0x000001b1d327d800,
0x000001b1d93f5000, 0x000001b1d5659000, 0x000001b1d1d88800, 0x000001b1d1d8a000,
0x000001b1d1d8d800, 0x000001b1d1d89000, 0x000001b1d1d8b000, 0x000001b1d1d8c800,
0x000001b1d5315800, 0x000001b1d5317800, 0x000001b1d5315000, 0x000001b1d5316800
}

Java Threads: ( => current thread )
  0x000001b1ad512800 JavaThread "main" [_thread_in_native, id=21080, stack(0x0000006a8ae00000,0x0000006a8af00000)]
  0x000001b1d146d800 JavaThread "Reference Handler" daemon [_thread_blocked, id=14508, stack(0x0000006a8b500000,0x0000006a8b600000)]
  0x000001b1d1478800 JavaThread "Finalizer" daemon [_thread_blocked, id=19868, stack(0x0000006a8b600000,0x0000006a8b700000)]
  0x000001b1d1d33000 JavaThread "Signal Dispatcher" daemon [_thread_blocked, id=16588, stack(0x0000006a8b700000,0x0000006a8b800000)]
  0x000001b1d1d36000 JavaThread "Attach Listener" daemon [_thread_blocked, id=23132, stack(0x0000006a8b800000,0x0000006a8b900000)]
=>0x000001b1d1d41000 JavaThread "C2 CompilerThread0" daemon [_thread_in_native, id=16220, stack(0x0000006a8b900000,0x0000006a8ba00000)]
  0x000001b1d1d87800 JavaThread "C1 CompilerThread0" daemon [_thread_blocked, id=22860, stack(0x0000006a8ba00000,0x0000006a8bb00000)]
  0x000001b1d1da0000 JavaThread "Sweeper thread" daemon [_thread_blocked, id=22092, stack(0x0000006a8bb00000,0x0000006a8bc00000)]
  0x000001b1d1f02800 JavaThread "Service Thread" daemon [_thread_blocked, id=25440, stack(0x0000006a8bc00000,0x0000006a8bd00000)]
  0x000001b1d1f0c800 JavaThread "Common-Cleaner" daemon [_thread_blocked, id=19384, stack(0x0000006a8be00000,0x0000006a8bf00000)]
  0x000001b1d1d8e000 JavaThread "C2 CompilerThread1" daemon [_thread_blocked, id=26028, stack(0x0000006a8bf00000,0x0000006a8c000000)]
  0x000001b1d66e1000 JavaThread "Catalina-utility-1" [_thread_blocked, id=18416, stack(0x0000006a8c600000,0x0000006a8c700000)]
  0x000001b1d39f8000 JavaThread "Catalina-utility-2" [_thread_blocked, id=21956, stack(0x0000006a8c800000,0x0000006a8c900000)]
  0x000001b1d39f8800 JavaThread "container-0" [_thread_blocked, id=23612, stack(0x0000006a8c900000,0x0000006a8ca00000)]
  0x000001b1d7bb4800 JavaThread "spring.cloud.inetutils" daemon [_thread_blocked, id=25992, stack(0x0000006a8cc00000,0x0000006a8cd00000)]
  0x000001b1d1d8b800 JavaThread "C2 CompilerThread2" daemon [_thread_blocked, id=14672, stack(0x0000006a8c500000,0x0000006a8c600000)]
  0x000001b1d64cf800 JavaThread "AsyncResolver-bootstrap-0" daemon [_thread_blocked, id=18832, stack(0x0000006a8cd00000,0x0000006a8ce00000)]
  0x000001b1d6362800 JavaThread "DiscoveryClient-0" daemon [_thread_blocked, id=11232, stack(0x0000006a8ce00000,0x0000006a8cf00000)]
  0x000001b1d65d7800 JavaThread "DiscoveryClient-1" daemon [_thread_blocked, id=14676, stack(0x0000006a8cf00000,0x0000006a8d000000)]
  0x000001b1d327d800 JavaThread "DiscoveryClient-InstanceInfoReplicator-0" daemon [_thread_blocked, id=19028, stack(0x0000006a8d000000,0x0000006a8d100000)]
  0x000001b1d93f5000 JavaThread "http-nio-8082-exec-1" daemon [_thread_blocked, id=23428, stack(0x0000006a8d100000,0x0000006a8d200000)]
  0x000001b1d5659000 JavaThread "http-nio-8082-exec-2" daemon [_thread_blocked, id=8240, stack(0x0000006a8d200000,0x0000006a8d300000)]
  0x000001b1d1d88800 JavaThread "http-nio-8082-exec-3" daemon [_thread_blocked, id=19836, stack(0x0000006a8d300000,0x0000006a8d400000)]
  0x000001b1d1d8a000 JavaThread "http-nio-8082-exec-4" daemon [_thread_blocked, id=18316, stack(0x0000006a8d400000,0x0000006a8d500000)]
  0x000001b1d1d8d800 JavaThread "http-nio-8082-exec-5" daemon [_thread_blocked, id=16020, stack(0x0000006a8d500000,0x0000006a8d600000)]
  0x000001b1d1d89000 JavaThread "http-nio-8082-exec-6" daemon [_thread_blocked, id=22472, stack(0x0000006a8d600000,0x0000006a8d700000)]
  0x000001b1d1d8b000 JavaThread "http-nio-8082-exec-7" daemon [_thread_blocked, id=23708, stack(0x0000006a8d700000,0x0000006a8d800000)]
  0x000001b1d1d8c800 JavaThread "http-nio-8082-exec-8" daemon [_thread_blocked, id=11348, stack(0x0000006a8d800000,0x0000006a8d900000)]
  0x000001b1d5315800 JavaThread "http-nio-8082-exec-9" daemon [_thread_blocked, id=15216, stack(0x0000006a8d900000,0x0000006a8da00000)]
  0x000001b1d5317800 JavaThread "http-nio-8082-exec-10" daemon [_thread_blocked, id=23040, stack(0x0000006a8da00000,0x0000006a8db00000)]
  0x000001b1d5315000 JavaThread "http-nio-8082-Poller" daemon [_thread_in_native, id=21700, stack(0x0000006a8db00000,0x0000006a8dc00000)]
  0x000001b1d5316800 JavaThread "http-nio-8082-Acceptor" daemon [_thread_in_native, id=14916, stack(0x0000006a8dc00000,0x0000006a8dd00000)]

Other Threads:
  0x000001b1d146a000 VMThread "VM Thread" [stack: 0x0000006a8b400000,0x0000006a8b500000] [id=13260]
  0x000001b1d1f04000 WatcherThread [stack: 0x0000006a8bd00000,0x0000006a8be00000] [id=8128]
  0x000001b1ad52a800 GCTaskThread "GC Thread#0" [stack: 0x0000006a8af00000,0x0000006a8b000000] [id=4944]
  0x000001b1d2edd800 GCTaskThread "GC Thread#1" [stack: 0x0000006a8c000000,0x0000006a8c100000] [id=24148]
  0x000001b1d2ee4800 GCTaskThread "GC Thread#2" [stack: 0x0000006a8c100000,0x0000006a8c200000] [id=4540]
  0x000001b1d2edf000 GCTaskThread "GC Thread#3" [stack: 0x0000006a8c200000,0x0000006a8c300000] [id=25828]
  0x000001b1d2ee1800 GCTaskThread "GC Thread#4" [stack: 0x0000006a8c300000,0x0000006a8c400000] [id=24544]
  0x000001b1d2edf800 GCTaskThread "GC Thread#5" [stack: 0x0000006a8c400000,0x0000006a8c500000] [id=14784]
  0x000001b1d2ee0000 GCTaskThread "GC Thread#6" [stack: 0x0000006a8ca00000,0x0000006a8cb00000] [id=8676]
  0x000001b1d2ee1000 GCTaskThread "GC Thread#7" [stack: 0x0000006a8cb00000,0x0000006a8cc00000] [id=9600]
  0x000001b1ad587800 ConcurrentGCThread "G1 Main Marker" [stack: 0x0000006a8b000000,0x0000006a8b100000] [id=1592]
  0x000001b1ad58d800 ConcurrentGCThread "G1 Conc#0" [stack: 0x0000006a8b100000,0x0000006a8b200000] [id=18720]
  0x000001b1d2ede000 ConcurrentGCThread "G1 Conc#1" [stack: 0x0000006a8c700000,0x0000006a8c800000] [id=20344]
  0x000001b1d134c800 ConcurrentGCThread "G1 Refine#0" [stack: 0x0000006a8b200000,0x0000006a8b300000] [id=16976]
  0x000001b1d134f000 ConcurrentGCThread "G1 Young RemSet Sampling" [stack: 0x0000006a8b300000,0x0000006a8b400000] [id=15788]

Threads with active compile tasks:
C2 CompilerThread04463   !   4       jdk.internal.loader.BuiltinClassLoader::findClassOnClassPathOrNull (64 bytes)

VM state:not at safepoint (normal execution)

VM Mutex/Monitor currently owned by a thread: None

Heap address: 0x0000000703e00000, size: 4034 MB, Compressed Oops mode: Zero based, Oop shift amount: 3
Narrow klass base: 0x0000000800000000, Narrow klass shift: 0
Compressed class space size: 1073741824 Address: 0x0000000800000000

Heap:
 garbage-first heap   total 260096K, used 107810K [0x0000000703e00000, 0x0000000800000000)
  region size 1024K, 101 young (103424K), 8 survivors (8192K)
 Metaspace       used 47844K, capacity 49109K, committed 49152K, reserved 1091584K
  class space    used 5842K, capacity 6367K, committed 6400K, reserved 1048576K
Heap Regions: E=young(eden), S=young(survivor), O=old, HS=humongous(starts), HC=humongous(continues), CS=collection set, F=free, A=archive, TAMS=top-at-mark-start (previous, next)
|   0|0x0000000703e00000, 0x0000000703f00000, 0x0000000703f00000|100%| O|  |TAMS 0x0000000703f00000, 0x0000000703e00000| Untracked 
|   1|0x0000000703f00000, 0x0000000704000000, 0x0000000704000000|100%| O|  |TAMS 0x0000000704000000, 0x0000000703f00000| Untracked 
|   2|0x0000000704000000, 0x0000000704100000, 0x0000000704100000|100%| O|  |TAMS 0x0000000704100000, 0x0000000704000000| Untracked 
|   3|0x0000000704100000, 0x0000000704200000, 0x0000000704200000|100%| O|  |TAMS 0x0000000704200000, 0x0000000704100000| Untracked 
|   4|0x0000000704200000, 0x0000000704300000, 0x0000000704300000|100%| O|  |TAMS 0x0000000704300000, 0x0000000704200000| Untracked 
|   5|0x0000000704300000, 0x0000000704355600, 0x0000000704400000| 33%| O|  |TAMS 0x0000000704355600, 0x0000000704300000| Untracked 
|   6|0x0000000704400000, 0x0000000704400000, 0x0000000704500000|  0%| F|  |TAMS 0x0000000704400000, 0x0000000704400000| Untracked 
|   7|0x0000000704500000, 0x0000000704500000, 0x0000000704600000|  0%| F|  |TAMS 0x0000000704500000, 0x0000000704500000| Untracked 
|   8|0x0000000704600000, 0x0000000704600000, 0x0000000704700000|  0%| F|  |TAMS 0x0000000704600000, 0x0000000704600000| Untracked 
|   9|0x0000000704700000, 0x0000000704700000, 0x0000000704800000|  0%| F|  |TAMS 0x0000000704700000, 0x0000000704700000| Untracked 
|  10|0x0000000704800000, 0x0000000704800000, 0x0000000704900000|  0%| F|  |TAMS 0x0000000704800000, 0x0000000704800000| Untracked 
|  11|0x0000000704900000, 0x0000000704900000, 0x0000000704a00000|  0%| F|  |TAMS 0x0000000704900000, 0x0000000704900000| Untracked 
|  12|0x0000000704a00000, 0x0000000704a00000, 0x0000000704b00000|  0%| F|  |TAMS 0x0000000704a00000, 0x0000000704a00000| Untracked 
|  13|0x0000000704b00000, 0x0000000704b00000, 0x0000000704c00000|  0%| F|  |TAMS 0x0000000704b00000, 0x0000000704b00000| Untracked 
|  14|0x0000000704c00000, 0x0000000704c00000, 0x0000000704d00000|  0%| F|  |TAMS 0x0000000704c00000, 0x0000000704c00000| Untracked 
|  15|0x0000000704d00000, 0x0000000704d00000, 0x0000000704e00000|  0%| F|  |TAMS 0x0000000704d00000, 0x0000000704d00000| Untracked 
|  16|0x0000000704e00000, 0x0000000704e00000, 0x0000000704f00000|  0%| F|  |TAMS 0x0000000704e00000, 0x0000000704e00000| Untracked 
|  17|0x0000000704f00000, 0x0000000704f00000, 0x0000000705000000|  0%| F|  |TAMS 0x0000000704f00000, 0x0000000704f00000| Untracked 
|  18|0x0000000705000000, 0x0000000705000000, 0x0000000705100000|  0%| F|  |TAMS 0x0000000705000000, 0x0000000705000000| Untracked 
|  19|0x0000000705100000, 0x0000000705100000, 0x0000000705200000|  0%| F|  |TAMS 0x0000000705100000, 0x0000000705100000| Untracked 
|  20|0x0000000705200000, 0x0000000705200000, 0x0000000705300000|  0%| F|  |TAMS 0x0000000705200000, 0x0000000705200000| Untracked 
|  21|0x0000000705300000, 0x0000000705300000, 0x0000000705400000|  0%| F|  |TAMS 0x0000000705300000, 0x0000000705300000| Untracked 
|  22|0x0000000705400000, 0x0000000705400000, 0x0000000705500000|  0%| F|  |TAMS 0x0000000705400000, 0x0000000705400000| Untracked 
|  23|0x0000000705500000, 0x0000000705500000, 0x0000000705600000|  0%| F|  |TAMS 0x0000000705500000, 0x0000000705500000| Untracked 
|  24|0x0000000705600000, 0x0000000705600000, 0x0000000705700000|  0%| F|  |TAMS 0x0000000705600000, 0x0000000705600000| Untracked 
|  25|0x0000000705700000, 0x0000000705700000, 0x0000000705800000|  0%| F|  |TAMS 0x0000000705700000, 0x0000000705700000| Untracked 
|  26|0x0000000705800000, 0x0000000705800000, 0x0000000705900000|  0%| F|  |TAMS 0x0000000705800000, 0x0000000705800000| Untracked 
|  27|0x0000000705900000, 0x0000000705900000, 0x0000000705a00000|  0%| F|  |TAMS 0x0000000705900000, 0x0000000705900000| Untracked 
|  28|0x0000000705a00000, 0x0000000705a00000, 0x0000000705b00000|  0%| F|  |TAMS 0x0000000705a00000, 0x0000000705a00000| Untracked 
|  29|0x0000000705b00000, 0x0000000705b00000, 0x0000000705c00000|  0%| F|  |TAMS 0x0000000705b00000, 0x0000000705b00000| Untracked 
|  30|0x0000000705c00000, 0x0000000705c00000, 0x0000000705d00000|  0%| F|  |TAMS 0x0000000705c00000, 0x0000000705c00000| Untracked 
|  31|0x0000000705d00000, 0x0000000705d00000, 0x0000000705e00000|  0%| F|  |TAMS 0x0000000705d00000, 0x0000000705d00000| Untracked 
|  32|0x0000000705e00000, 0x0000000705e00000, 0x0000000705f00000|  0%| F|  |TAMS 0x0000000705e00000, 0x0000000705e00000| Untracked 
|  33|0x0000000705f00000, 0x0000000705f00000, 0x0000000706000000|  0%| F|  |TAMS 0x0000000705f00000, 0x0000000705f00000| Untracked 
|  34|0x0000000706000000, 0x0000000706000000, 0x0000000706100000|  0%| F|  |TAMS 0x0000000706000000, 0x0000000706000000| Untracked 
|  35|0x0000000706100000, 0x0000000706100000, 0x0000000706200000|  0%| F|  |TAMS 0x0000000706100000, 0x0000000706100000| Untracked 
|  36|0x0000000706200000, 0x0000000706200000, 0x0000000706300000|  0%| F|  |TAMS 0x0000000706200000, 0x0000000706200000| Untracked 
|  37|0x0000000706300000, 0x0000000706300000, 0x0000000706400000|  0%| F|  |TAMS 0x0000000706300000, 0x0000000706300000| Untracked 
|  38|0x0000000706400000, 0x0000000706400000, 0x0000000706500000|  0%| F|  |TAMS 0x0000000706400000, 0x0000000706400000| Untracked 
|  39|0x0000000706500000, 0x0000000706500000, 0x0000000706600000|  0%| F|  |TAMS 0x0000000706500000, 0x0000000706500000| Untracked 
|  40|0x0000000706600000, 0x0000000706600000, 0x0000000706700000|  0%| F|  |TAMS 0x0000000706600000, 0x0000000706600000| Untracked 
|  41|0x0000000706700000, 0x0000000706700000, 0x0000000706800000|  0%| F|  |TAMS 0x0000000706700000, 0x0000000706700000| Untracked 
|  42|0x0000000706800000, 0x0000000706800000, 0x0000000706900000|  0%| F|  |TAMS 0x0000000706800000, 0x0000000706800000| Untracked 
|  43|0x0000000706900000, 0x0000000706900000, 0x0000000706a00000|  0%| F|  |TAMS 0x0000000706900000, 0x0000000706900000| Untracked 
|  44|0x0000000706a00000, 0x0000000706a00000, 0x0000000706b00000|  0%| F|  |TAMS 0x0000000706a00000, 0x0000000706a00000| Untracked 
|  45|0x0000000706b00000, 0x0000000706b00000, 0x0000000706c00000|  0%| F|  |TAMS 0x0000000706b00000, 0x0000000706b00000| Untracked 
|  46|0x0000000706c00000, 0x0000000706c00000, 0x0000000706d00000|  0%| F|  |TAMS 0x0000000706c00000, 0x0000000706c00000| Untracked 
|  47|0x0000000706d00000, 0x0000000706d00000, 0x0000000706e00000|  0%| F|  |TAMS 0x0000000706d00000, 0x0000000706d00000| Untracked 
|  48|0x0000000706e00000, 0x0000000706e00000, 0x0000000706f00000|  0%| F|  |TAMS 0x0000000706e00000, 0x0000000706e00000| Untracked 
|  49|0x0000000706f00000, 0x0000000706f00000, 0x0000000707000000|  0%| F|  |TAMS 0x0000000706f00000, 0x0000000706f00000| Untracked 
|  50|0x0000000707000000, 0x0000000707000000, 0x0000000707100000|  0%| F|  |TAMS 0x0000000707000000, 0x0000000707000000| Untracked 
|  51|0x0000000707100000, 0x0000000707100000, 0x0000000707200000|  0%| F|  |TAMS 0x0000000707100000, 0x0000000707100000| Untracked 
|  52|0x0000000707200000, 0x0000000707200000, 0x0000000707300000|  0%| F|  |TAMS 0x0000000707200000, 0x0000000707200000| Untracked 
|  53|0x0000000707300000, 0x0000000707300000, 0x0000000707400000|  0%| F|  |TAMS 0x0000000707300000, 0x0000000707300000| Untracked 
|  54|0x0000000707400000, 0x0000000707400000, 0x0000000707500000|  0%| F|  |TAMS 0x0000000707400000, 0x0000000707400000| Untracked 
|  55|0x0000000707500000, 0x0000000707500000, 0x0000000707600000|  0%| F|  |TAMS 0x0000000707500000, 0x0000000707500000| Untracked 
|  56|0x0000000707600000, 0x0000000707600000, 0x0000000707700000|  0%| F|  |TAMS 0x0000000707600000, 0x0000000707600000| Untracked 
|  57|0x0000000707700000, 0x0000000707700000, 0x0000000707800000|  0%| F|  |TAMS 0x0000000707700000, 0x0000000707700000| Untracked 
|  58|0x0000000707800000, 0x0000000707800000, 0x0000000707900000|  0%| F|  |TAMS 0x0000000707800000, 0x0000000707800000| Untracked 
|  59|0x0000000707900000, 0x0000000707900000, 0x0000000707a00000|  0%| F|  |TAMS 0x0000000707900000, 0x0000000707900000| Untracked 
|  60|0x0000000707a00000, 0x0000000707a00000, 0x0000000707b00000|  0%| F|  |TAMS 0x0000000707a00000, 0x0000000707a00000| Untracked 
|  61|0x0000000707b00000, 0x0000000707b00000, 0x0000000707c00000|  0%| F|  |TAMS 0x0000000707b00000, 0x0000000707b00000| Untracked 
|  62|0x0000000707c00000, 0x0000000707c00000, 0x0000000707d00000|  0%| F|  |TAMS 0x0000000707c00000, 0x0000000707c00000| Untracked 
|  63|0x0000000707d00000, 0x0000000707d00000, 0x0000000707e00000|  0%| F|  |TAMS 0x0000000707d00000, 0x0000000707d00000| Untracked 
|  64|0x0000000707e00000, 0x0000000707e00000, 0x0000000707f00000|  0%| F|  |TAMS 0x0000000707e00000, 0x0000000707e00000| Untracked 
|  65|0x0000000707f00000, 0x0000000707f00000, 0x0000000708000000|  0%| F|  |TAMS 0x0000000707f00000, 0x0000000707f00000| Untracked 
|  66|0x0000000708000000, 0x0000000708000000, 0x0000000708100000|  0%| F|  |TAMS 0x0000000708000000, 0x0000000708000000| Untracked 
|  67|0x0000000708100000, 0x0000000708100000, 0x0000000708200000|  0%| F|  |TAMS 0x0000000708100000, 0x0000000708100000| Untracked 
|  68|0x0000000708200000, 0x0000000708200000, 0x0000000708300000|  0%| F|  |TAMS 0x0000000708200000, 0x0000000708200000| Untracked 
|  69|0x0000000708300000, 0x0000000708300000, 0x0000000708400000|  0%| F|  |TAMS 0x0000000708300000, 0x0000000708300000| Untracked 
|  70|0x0000000708400000, 0x0000000708400000, 0x0000000708500000|  0%| F|  |TAMS 0x0000000708400000, 0x0000000708400000| Untracked 
|  71|0x0000000708500000, 0x0000000708500000, 0x0000000708600000|  0%| F|  |TAMS 0x0000000708500000, 0x0000000708500000| Untracked 
|  72|0x0000000708600000, 0x0000000708600000, 0x0000000708700000|  0%| F|  |TAMS 0x0000000708600000, 0x0000000708600000| Untracked 
|  73|0x0000000708700000, 0x0000000708700000, 0x0000000708800000|  0%| F|  |TAMS 0x0000000708700000, 0x0000000708700000| Untracked 
|  74|0x0000000708800000, 0x0000000708800000, 0x0000000708900000|  0%| F|  |TAMS 0x0000000708800000, 0x0000000708800000| Untracked 
|  75|0x0000000708900000, 0x0000000708900000, 0x0000000708a00000|  0%| F|  |TAMS 0x0000000708900000, 0x0000000708900000| Untracked 
|  76|0x0000000708a00000, 0x0000000708a00000, 0x0000000708b00000|  0%| F|  |TAMS 0x0000000708a00000, 0x0000000708a00000| Untracked 
|  77|0x0000000708b00000, 0x0000000708b00000, 0x0000000708c00000|  0%| F|  |TAMS 0x0000000708b00000, 0x0000000708b00000| Untracked 
|  78|0x0000000708c00000, 0x0000000708c00000, 0x0000000708d00000|  0%| F|  |TAMS 0x0000000708c00000, 0x0000000708c00000| Untracked 
|  79|0x0000000708d00000, 0x0000000708d00000, 0x0000000708e00000|  0%| F|  |TAMS 0x0000000708d00000, 0x0000000708d00000| Untracked 
|  80|0x0000000708e00000, 0x0000000708e00000, 0x0000000708f00000|  0%| F|  |TAMS 0x0000000708e00000, 0x0000000708e00000| Untracked 
|  81|0x0000000708f00000, 0x0000000708f00000, 0x0000000709000000|  0%| F|  |TAMS 0x0000000708f00000, 0x0000000708f00000| Untracked 
|  82|0x0000000709000000, 0x0000000709000000, 0x0000000709100000|  0%| F|  |TAMS 0x0000000709000000, 0x0000000709000000| Untracked 
|  83|0x0000000709100000, 0x0000000709100000, 0x0000000709200000|  0%| F|  |TAMS 0x0000000709100000, 0x0000000709100000| Untracked 
|  84|0x0000000709200000, 0x0000000709200000, 0x0000000709300000|  0%| F|  |TAMS 0x0000000709200000, 0x0000000709200000| Untracked 
|  85|0x0000000709300000, 0x0000000709300000, 0x0000000709400000|  0%| F|  |TAMS 0x0000000709300000, 0x0000000709300000| Untracked 
|  86|0x0000000709400000, 0x0000000709400000, 0x0000000709500000|  0%| F|  |TAMS 0x0000000709400000, 0x0000000709400000| Untracked 
|  87|0x0000000709500000, 0x0000000709500000, 0x0000000709600000|  0%| F|  |TAMS 0x0000000709500000, 0x0000000709500000| Untracked 
|  88|0x0000000709600000, 0x0000000709600000, 0x0000000709700000|  0%| F|  |TAMS 0x0000000709600000, 0x0000000709600000| Untracked 
|  89|0x0000000709700000, 0x0000000709700000, 0x0000000709800000|  0%| F|  |TAMS 0x0000000709700000, 0x0000000709700000| Untracked 
|  90|0x0000000709800000, 0x0000000709800000, 0x0000000709900000|  0%| F|  |TAMS 0x0000000709800000, 0x0000000709800000| Untracked 
|  91|0x0000000709900000, 0x0000000709900000, 0x0000000709a00000|  0%| F|  |TAMS 0x0000000709900000, 0x0000000709900000| Untracked 
|  92|0x0000000709a00000, 0x0000000709a00000, 0x0000000709b00000|  0%| F|  |TAMS 0x0000000709a00000, 0x0000000709a00000| Untracked 
|  93|0x0000000709b00000, 0x0000000709b00000, 0x0000000709c00000|  0%| F|  |TAMS 0x0000000709b00000, 0x0000000709b00000| Untracked 
|  94|0x0000000709c00000, 0x0000000709c00000, 0x0000000709d00000|  0%| F|  |TAMS 0x0000000709c00000, 0x0000000709c00000| Untracked 
|  95|0x0000000709d00000, 0x0000000709d00000, 0x0000000709e00000|  0%| F|  |TAMS 0x0000000709d00000, 0x0000000709d00000| Untracked 
|  96|0x0000000709e00000, 0x0000000709e00000, 0x0000000709f00000|  0%| F|  |TAMS 0x0000000709e00000, 0x0000000709e00000| Untracked 
|  97|0x0000000709f00000, 0x0000000709f00000, 0x000000070a000000|  0%| F|  |TAMS 0x0000000709f00000, 0x0000000709f00000| Untracked 
|  98|0x000000070a000000, 0x000000070a000000, 0x000000070a100000|  0%| F|  |TAMS 0x000000070a000000, 0x000000070a000000| Untracked 
|  99|0x000000070a100000, 0x000000070a100000, 0x000000070a200000|  0%| F|  |TAMS 0x000000070a100000, 0x000000070a100000| Untracked 
| 100|0x000000070a200000, 0x000000070a200000, 0x000000070a300000|  0%| F|  |TAMS 0x000000070a200000, 0x000000070a200000| Untracked 
| 101|0x000000070a300000, 0x000000070a300000, 0x000000070a400000|  0%| F|  |TAMS 0x000000070a300000, 0x000000070a300000| Untracked 
| 102|0x000000070a400000, 0x000000070a400000, 0x000000070a500000|  0%| F|  |TAMS 0x000000070a400000, 0x000000070a400000| Untracked 
| 103|0x000000070a500000, 0x000000070a500000, 0x000000070a600000|  0%| F|  |TAMS 0x000000070a500000, 0x000000070a500000| Untracked 
| 104|0x000000070a600000, 0x000000070a600000, 0x000000070a700000|  0%| F|  |TAMS 0x000000070a600000, 0x000000070a600000| Untracked 
| 105|0x000000070a700000, 0x000000070a700000, 0x000000070a800000|  0%| F|  |TAMS 0x000000070a700000, 0x000000070a700000| Untracked 
| 106|0x000000070a800000, 0x000000070a800000, 0x000000070a900000|  0%| F|  |TAMS 0x000000070a800000, 0x000000070a800000| Untracked 
| 107|0x000000070a900000, 0x000000070a900000, 0x000000070aa00000|  0%| F|  |TAMS 0x000000070a900000, 0x000000070a900000| Untracked 
| 108|0x000000070aa00000, 0x000000070aa00000, 0x000000070ab00000|  0%| F|  |TAMS 0x000000070aa00000, 0x000000070aa00000| Untracked 
| 109|0x000000070ab00000, 0x000000070ab00000, 0x000000070ac00000|  0%| F|  |TAMS 0x000000070ab00000, 0x000000070ab00000| Untracked 
| 110|0x000000070ac00000, 0x000000070ac00000, 0x000000070ad00000|  0%| F|  |TAMS 0x000000070ac00000, 0x000000070ac00000| Untracked 
| 111|0x000000070ad00000, 0x000000070ad00000, 0x000000070ae00000|  0%| F|  |TAMS 0x000000070ad00000, 0x000000070ad00000| Untracked 
| 112|0x000000070ae00000, 0x000000070ae00000, 0x000000070af00000|  0%| F|  |TAMS 0x000000070ae00000, 0x000000070ae00000| Untracked 
| 113|0x000000070af00000, 0x000000070af00000, 0x000000070b000000|  0%| F|  |TAMS 0x000000070af00000, 0x000000070af00000| Untracked 
| 114|0x000000070b000000, 0x000000070b000000, 0x000000070b100000|  0%| F|  |TAMS 0x000000070b000000, 0x000000070b000000| Untracked 
| 115|0x000000070b100000, 0x000000070b100000, 0x000000070b200000|  0%| F|  |TAMS 0x000000070b100000, 0x000000070b100000| Untracked 
| 116|0x000000070b200000, 0x000000070b200000, 0x000000070b300000|  0%| F|  |TAMS 0x000000070b200000, 0x000000070b200000| Untracked 
| 117|0x000000070b300000, 0x000000070b300000, 0x000000070b400000|  0%| F|  |TAMS 0x000000070b300000, 0x000000070b300000| Untracked 
| 118|0x000000070b400000, 0x000000070b400000, 0x000000070b500000|  0%| F|  |TAMS 0x000000070b400000, 0x000000070b400000| Untracked 
| 119|0x000000070b500000, 0x000000070b500000, 0x000000070b600000|  0%| F|  |TAMS 0x000000070b500000, 0x000000070b500000| Untracked 
| 120|0x000000070b600000, 0x000000070b600000, 0x000000070b700000|  0%| F|  |TAMS 0x000000070b600000, 0x000000070b600000| Untracked 
| 121|0x000000070b700000, 0x000000070b700000, 0x000000070b800000|  0%| F|  |TAMS 0x000000070b700000, 0x000000070b700000| Untracked 
| 122|0x000000070b800000, 0x000000070b800000, 0x000000070b900000|  0%| F|  |TAMS 0x000000070b800000, 0x000000070b800000| Untracked 
| 123|0x000000070b900000, 0x000000070b900000, 0x000000070ba00000|  0%| F|  |TAMS 0x000000070b900000, 0x000000070b900000| Untracked 
| 124|0x000000070ba00000, 0x000000070ba00000, 0x000000070bb00000|  0%| F|  |TAMS 0x000000070ba00000, 0x000000070ba00000| Untracked 
| 125|0x000000070bb00000, 0x000000070bb00000, 0x000000070bc00000|  0%| F|  |TAMS 0x000000070bb00000, 0x000000070bb00000| Untracked 
| 126|0x000000070bc00000, 0x000000070bc00000, 0x000000070bd00000|  0%| F|  |TAMS 0x000000070bc00000, 0x000000070bc00000| Untracked 
| 127|0x000000070bd00000, 0x000000070bd00000, 0x000000070be00000|  0%| F|  |TAMS 0x000000070bd00000, 0x000000070bd00000| Untracked 
| 128|0x000000070be00000, 0x000000070be00000, 0x000000070bf00000|  0%| F|  |TAMS 0x000000070be00000, 0x000000070be00000| Untracked 
| 129|0x000000070bf00000, 0x000000070bf00000, 0x000000070c000000|  0%| F|  |TAMS 0x000000070bf00000, 0x000000070bf00000| Untracked 
| 130|0x000000070c000000, 0x000000070c000000, 0x000000070c100000|  0%| F|  |TAMS 0x000000070c000000, 0x000000070c000000| Untracked 
| 131|0x000000070c100000, 0x000000070c100000, 0x000000070c200000|  0%| F|  |TAMS 0x000000070c100000, 0x000000070c100000| Untracked 
| 132|0x000000070c200000, 0x000000070c200000, 0x000000070c300000|  0%| F|  |TAMS 0x000000070c200000, 0x000000070c200000| Untracked 
| 133|0x000000070c300000, 0x000000070c300000, 0x000000070c400000|  0%| F|  |TAMS 0x000000070c300000, 0x000000070c300000| Untracked 
| 134|0x000000070c400000, 0x000000070c400000, 0x000000070c500000|  0%| F|  |TAMS 0x000000070c400000, 0x000000070c400000| Untracked 
| 135|0x000000070c500000, 0x000000070c500000, 0x000000070c600000|  0%| F|  |TAMS 0x000000070c500000, 0x000000070c500000| Untracked 
| 136|0x000000070c600000, 0x000000070c600000, 0x000000070c700000|  0%| F|  |TAMS 0x000000070c600000, 0x000000070c600000| Untracked 
| 137|0x000000070c700000, 0x000000070c700000, 0x000000070c800000|  0%| F|  |TAMS 0x000000070c700000, 0x000000070c700000| Untracked 
| 138|0x000000070c800000, 0x000000070c800000, 0x000000070c900000|  0%| F|  |TAMS 0x000000070c800000, 0x000000070c800000| Untracked 
| 139|0x000000070c900000, 0x000000070c900000, 0x000000070ca00000|  0%| F|  |TAMS 0x000000070c900000, 0x000000070c900000| Untracked 
| 140|0x000000070ca00000, 0x000000070ca00000, 0x000000070cb00000|  0%| F|  |TAMS 0x000000070ca00000, 0x000000070ca00000| Untracked 
| 141|0x000000070cb00000, 0x000000070cb00000, 0x000000070cc00000|  0%| F|  |TAMS 0x000000070cb00000, 0x000000070cb00000| Untracked 
| 142|0x000000070cc00000, 0x000000070cc00000, 0x000000070cd00000|  0%| F|  |TAMS 0x000000070cc00000, 0x000000070cc00000| Untracked 
| 143|0x000000070cd00000, 0x000000070cd00000, 0x000000070ce00000|  0%| F|  |TAMS 0x000000070cd00000, 0x000000070cd00000| Untracked 
| 144|0x000000070ce00000, 0x000000070ce00000, 0x000000070cf00000|  0%| F|  |TAMS 0x000000070ce00000, 0x000000070ce00000| Untracked 
| 145|0x000000070cf00000, 0x000000070cf00000, 0x000000070d000000|  0%| F|  |TAMS 0x000000070cf00000, 0x000000070cf00000| Untracked 
| 146|0x000000070d000000, 0x000000070d000000, 0x000000070d100000|  0%| F|  |TAMS 0x000000070d000000, 0x000000070d000000| Untracked 
| 147|0x000000070d100000, 0x000000070d100000, 0x000000070d200000|  0%| F|  |TAMS 0x000000070d100000, 0x000000070d100000| Untracked 
| 148|0x000000070d200000, 0x000000070d200000, 0x000000070d300000|  0%| F|  |TAMS 0x000000070d200000, 0x000000070d200000| Untracked 
| 149|0x000000070d300000, 0x000000070d300000, 0x000000070d400000|  0%| F|  |TAMS 0x000000070d300000, 0x000000070d300000| Untracked 
| 150|0x000000070d400000, 0x000000070d400000, 0x000000070d500000|  0%| F|  |TAMS 0x000000070d400000, 0x000000070d400000| Untracked 
| 151|0x000000070d500000, 0x000000070d500000, 0x000000070d600000|  0%| F|  |TAMS 0x000000070d500000, 0x000000070d500000| Untracked 
| 152|0x000000070d600000, 0x000000070d600000, 0x000000070d700000|  0%| F|  |TAMS 0x000000070d600000, 0x000000070d600000| Untracked 
| 153|0x000000070d700000, 0x000000070d800000, 0x000000070d800000|100%| E|  |TAMS 0x000000070d700000, 0x000000070d700000| Complete 
| 154|0x000000070d800000, 0x000000070d900000, 0x000000070d900000|100%| E|CS|TAMS 0x000000070d800000, 0x000000070d800000| Complete 
| 155|0x000000070d900000, 0x000000070da00000, 0x000000070da00000|100%| E|CS|TAMS 0x000000070d900000, 0x000000070d900000| Complete 
| 156|0x000000070da00000, 0x000000070db00000, 0x000000070db00000|100%| E|CS|TAMS 0x000000070da00000, 0x000000070da00000| Complete 
| 157|0x000000070db00000, 0x000000070dc00000, 0x000000070dc00000|100%| E|CS|TAMS 0x000000070db00000, 0x000000070db00000| Complete 
| 158|0x000000070dc00000, 0x000000070dd00000, 0x000000070dd00000|100%| E|CS|TAMS 0x000000070dc00000, 0x000000070dc00000| Complete 
| 159|0x000000070dd00000, 0x000000070de00000, 0x000000070de00000|100%| E|CS|TAMS 0x000000070dd00000, 0x000000070dd00000| Complete 
| 160|0x000000070de00000, 0x000000070df00000, 0x000000070df00000|100%| E|CS|TAMS 0x000000070de00000, 0x000000070de00000| Complete 
| 161|0x000000070df00000, 0x000000070e000000, 0x000000070e000000|100%| E|CS|TAMS 0x000000070df00000, 0x000000070df00000| Complete 
| 162|0x000000070e000000, 0x000000070e100000, 0x000000070e100000|100%| E|CS|TAMS 0x000000070e000000, 0x000000070e000000| Complete 
| 163|0x000000070e100000, 0x000000070e200000, 0x000000070e200000|100%| E|CS|TAMS 0x000000070e100000, 0x000000070e100000| Complete 
| 164|0x000000070e200000, 0x000000070e300000, 0x000000070e300000|100%| E|CS|TAMS 0x000000070e200000, 0x000000070e200000| Complete 
| 165|0x000000070e300000, 0x000000070e400000, 0x000000070e400000|100%| E|CS|TAMS 0x000000070e300000, 0x000000070e300000| Complete 
| 166|0x000000070e400000, 0x000000070e500000, 0x000000070e500000|100%| E|CS|TAMS 0x000000070e400000, 0x000000070e400000| Complete 
| 167|0x000000070e500000, 0x000000070e600000, 0x000000070e600000|100%| E|CS|TAMS 0x000000070e500000, 0x000000070e500000| Complete 
| 168|0x000000070e600000, 0x000000070e700000, 0x000000070e700000|100%| E|CS|TAMS 0x000000070e600000, 0x000000070e600000| Complete 
| 169|0x000000070e700000, 0x000000070e800000, 0x000000070e800000|100%| E|CS|TAMS 0x000000070e700000, 0x000000070e700000| Complete 
| 170|0x000000070e800000, 0x000000070e900000, 0x000000070e900000|100%| E|CS|TAMS 0x000000070e800000, 0x000000070e800000| Complete 
| 171|0x000000070e900000, 0x000000070ea00000, 0x000000070ea00000|100%| E|CS|TAMS 0x000000070e900000, 0x000000070e900000| Complete 
| 172|0x000000070ea00000, 0x000000070eb00000, 0x000000070eb00000|100%| E|CS|TAMS 0x000000070ea00000, 0x000000070ea00000| Complete 
| 173|0x000000070eb00000, 0x000000070ec00000, 0x000000070ec00000|100%| E|CS|TAMS 0x000000070eb00000, 0x000000070eb00000| Complete 
| 174|0x000000070ec00000, 0x000000070ed00000, 0x000000070ed00000|100%| E|CS|TAMS 0x000000070ec00000, 0x000000070ec00000| Complete 
| 175|0x000000070ed00000, 0x000000070ee00000, 0x000000070ee00000|100%| E|CS|TAMS 0x000000070ed00000, 0x000000070ed00000| Complete 
| 176|0x000000070ee00000, 0x000000070ef00000, 0x000000070ef00000|100%| E|CS|TAMS 0x000000070ee00000, 0x000000070ee00000| Complete 
| 177|0x000000070ef00000, 0x000000070f000000, 0x000000070f000000|100%| E|CS|TAMS 0x000000070ef00000, 0x000000070ef00000| Complete 
| 178|0x000000070f000000, 0x000000070f100000, 0x000000070f100000|100%| E|CS|TAMS 0x000000070f000000, 0x000000070f000000| Complete 
| 179|0x000000070f100000, 0x000000070f200000, 0x000000070f200000|100%| E|CS|TAMS 0x000000070f100000, 0x000000070f100000| Complete 
| 180|0x000000070f200000, 0x000000070f300000, 0x000000070f300000|100%| E|CS|TAMS 0x000000070f200000, 0x000000070f200000| Complete 
| 181|0x000000070f300000, 0x000000070f400000, 0x000000070f400000|100%| E|CS|TAMS 0x000000070f300000, 0x000000070f300000| Complete 
| 182|0x000000070f400000, 0x000000070f500000, 0x000000070f500000|100%| E|CS|TAMS 0x000000070f400000, 0x000000070f400000| Complete 
| 183|0x000000070f500000, 0x000000070f600000, 0x000000070f600000|100%| E|CS|TAMS 0x000000070f500000, 0x000000070f500000| Complete 
| 184|0x000000070f600000, 0x000000070f700000, 0x000000070f700000|100%| E|CS|TAMS 0x000000070f600000, 0x000000070f600000| Complete 
| 185|0x000000070f700000, 0x000000070f800000, 0x000000070f800000|100%| E|CS|TAMS 0x000000070f700000, 0x000000070f700000| Complete 
| 186|0x000000070f800000, 0x000000070f900000, 0x000000070f900000|100%| E|CS|TAMS 0x000000070f800000, 0x000000070f800000| Complete 
| 187|0x000000070f900000, 0x000000070fa00000, 0x000000070fa00000|100%| E|CS|TAMS 0x000000070f900000, 0x000000070f900000| Complete 
| 188|0x000000070fa00000, 0x000000070fb00000, 0x000000070fb00000|100%| E|CS|TAMS 0x000000070fa00000, 0x000000070fa00000| Complete 
| 189|0x000000070fb00000, 0x000000070fc00000, 0x000000070fc00000|100%| E|CS|TAMS 0x000000070fb00000, 0x000000070fb00000| Complete 
| 190|0x000000070fc00000, 0x000000070fd00000, 0x000000070fd00000|100%| E|CS|TAMS 0x000000070fc00000, 0x000000070fc00000| Complete 
| 191|0x000000070fd00000, 0x000000070fe00000, 0x000000070fe00000|100%| E|CS|TAMS 0x000000070fd00000, 0x000000070fd00000| Complete 
| 192|0x000000070fe00000, 0x000000070ff00000, 0x000000070ff00000|100%| E|CS|TAMS 0x000000070fe00000, 0x000000070fe00000| Complete 
| 193|0x000000070ff00000, 0x0000000710000000, 0x0000000710000000|100%| E|CS|TAMS 0x000000070ff00000, 0x000000070ff00000| Complete 
| 194|0x0000000710000000, 0x0000000710100000, 0x0000000710100000|100%| E|CS|TAMS 0x0000000710000000, 0x0000000710000000| Complete 
| 195|0x0000000710100000, 0x0000000710200000, 0x0000000710200000|100%| E|CS|TAMS 0x0000000710100000, 0x0000000710100000| Complete 
| 196|0x0000000710200000, 0x0000000710300000, 0x0000000710300000|100%| E|CS|TAMS 0x0000000710200000, 0x0000000710200000| Complete 
| 197|0x0000000710300000, 0x0000000710400000, 0x0000000710400000|100%| E|CS|TAMS 0x0000000710300000, 0x0000000710300000| Complete 
| 198|0x0000000710400000, 0x0000000710500000, 0x0000000710500000|100%| E|CS|TAMS 0x0000000710400000, 0x0000000710400000| Complete 
| 199|0x0000000710500000, 0x0000000710600000, 0x0000000710600000|100%| E|CS|TAMS 0x0000000710500000, 0x0000000710500000| Complete 
| 200|0x0000000710600000, 0x0000000710700000, 0x0000000710700000|100%| E|CS|TAMS 0x0000000710600000, 0x0000000710600000| Complete 
| 201|0x0000000710700000, 0x0000000710800000, 0x0000000710800000|100%| E|CS|TAMS 0x0000000710700000, 0x0000000710700000| Complete 
| 202|0x0000000710800000, 0x0000000710900000, 0x0000000710900000|100%| E|CS|TAMS 0x0000000710800000, 0x0000000710800000| Complete 
| 203|0x0000000710900000, 0x0000000710a00000, 0x0000000710a00000|100%| E|CS|TAMS 0x0000000710900000, 0x0000000710900000| Complete 
| 204|0x0000000710a00000, 0x0000000710b00000, 0x0000000710b00000|100%| E|CS|TAMS 0x0000000710a00000, 0x0000000710a00000| Complete 
| 205|0x0000000710b00000, 0x0000000710c00000, 0x0000000710c00000|100%| E|CS|TAMS 0x0000000710b00000, 0x0000000710b00000| Complete 
| 206|0x0000000710c00000, 0x0000000710d00000, 0x0000000710d00000|100%| E|CS|TAMS 0x0000000710c00000, 0x0000000710c00000| Complete 
| 207|0x0000000710d00000, 0x0000000710e00000, 0x0000000710e00000|100%| E|CS|TAMS 0x0000000710d00000, 0x0000000710d00000| Complete 
| 208|0x0000000710e00000, 0x0000000710f00000, 0x0000000710f00000|100%| E|CS|TAMS 0x0000000710e00000, 0x0000000710e00000| Complete 
| 209|0x0000000710f00000, 0x0000000711000000, 0x0000000711000000|100%| E|CS|TAMS 0x0000000710f00000, 0x0000000710f00000| Complete 
| 210|0x0000000711000000, 0x0000000711100000, 0x0000000711100000|100%| E|CS|TAMS 0x0000000711000000, 0x0000000711000000| Complete 
| 211|0x0000000711100000, 0x0000000711200000, 0x0000000711200000|100%| E|CS|TAMS 0x0000000711100000, 0x0000000711100000| Complete 
| 212|0x0000000711200000, 0x0000000711300000, 0x0000000711300000|100%| E|CS|TAMS 0x0000000711200000, 0x0000000711200000| Complete 
| 213|0x0000000711300000, 0x0000000711400000, 0x0000000711400000|100%| E|CS|TAMS 0x0000000711300000, 0x0000000711300000| Complete 
| 214|0x0000000711400000, 0x0000000711500000, 0x0000000711500000|100%| E|CS|TAMS 0x0000000711400000, 0x0000000711400000| Complete 
| 215|0x0000000711500000, 0x0000000711600000, 0x0000000711600000|100%| E|CS|TAMS 0x0000000711500000, 0x0000000711500000| Complete 
| 216|0x0000000711600000, 0x0000000711700000, 0x0000000711700000|100%| E|CS|TAMS 0x0000000711600000, 0x0000000711600000| Complete 
| 217|0x0000000711700000, 0x0000000711800000, 0x0000000711800000|100%| E|CS|TAMS 0x0000000711700000, 0x0000000711700000| Complete 
| 218|0x0000000711800000, 0x0000000711900000, 0x0000000711900000|100%| E|CS|TAMS 0x0000000711800000, 0x0000000711800000| Complete 
| 219|0x0000000711900000, 0x0000000711a00000, 0x0000000711a00000|100%| E|CS|TAMS 0x0000000711900000, 0x0000000711900000| Complete 
| 220|0x0000000711a00000, 0x0000000711b00000, 0x0000000711b00000|100%| E|CS|TAMS 0x0000000711a00000, 0x0000000711a00000| Complete 
| 221|0x0000000711b00000, 0x0000000711c00000, 0x0000000711c00000|100%| E|CS|TAMS 0x0000000711b00000, 0x0000000711b00000| Complete 
| 222|0x0000000711c00000, 0x0000000711d00000, 0x0000000711d00000|100%| E|CS|TAMS 0x0000000711c00000, 0x0000000711c00000| Complete 
| 223|0x0000000711d00000, 0x0000000711e00000, 0x0000000711e00000|100%| E|CS|TAMS 0x0000000711d00000, 0x0000000711d00000| Complete 
| 224|0x0000000711e00000, 0x0000000711f00000, 0x0000000711f00000|100%| E|CS|TAMS 0x0000000711e00000, 0x0000000711e00000| Complete 
| 225|0x0000000711f00000, 0x0000000712000000, 0x0000000712000000|100%| E|CS|TAMS 0x0000000711f00000, 0x0000000711f00000| Complete 
| 226|0x0000000712000000, 0x0000000712100000, 0x0000000712100000|100%| E|CS|TAMS 0x0000000712000000, 0x0000000712000000| Complete 
| 227|0x0000000712100000, 0x0000000712200000, 0x0000000712200000|100%| E|CS|TAMS 0x0000000712100000, 0x0000000712100000| Complete 
| 228|0x0000000712200000, 0x0000000712300000, 0x0000000712300000|100%| E|CS|TAMS 0x0000000712200000, 0x0000000712200000| Complete 
| 229|0x0000000712300000, 0x0000000712400000, 0x0000000712400000|100%| E|CS|TAMS 0x0000000712300000, 0x0000000712300000| Complete 
| 230|0x0000000712400000, 0x0000000712500000, 0x0000000712500000|100%| E|CS|TAMS 0x0000000712400000, 0x0000000712400000| Complete 
| 231|0x0000000712500000, 0x0000000712600000, 0x0000000712600000|100%| E|CS|TAMS 0x0000000712500000, 0x0000000712500000| Complete 
| 232|0x0000000712600000, 0x0000000712700000, 0x0000000712700000|100%| E|CS|TAMS 0x0000000712600000, 0x0000000712600000| Complete 
| 233|0x0000000712700000, 0x0000000712800000, 0x0000000712800000|100%| E|CS|TAMS 0x0000000712700000, 0x0000000712700000| Complete 
| 234|0x0000000712800000, 0x0000000712900000, 0x0000000712900000|100%| E|CS|TAMS 0x0000000712800000, 0x0000000712800000| Complete 
| 235|0x0000000712900000, 0x0000000712a00000, 0x0000000712a00000|100%| E|CS|TAMS 0x0000000712900000, 0x0000000712900000| Complete 
| 236|0x0000000712a00000, 0x0000000712b00000, 0x0000000712b00000|100%| E|CS|TAMS 0x0000000712a00000, 0x0000000712a00000| Complete 
| 237|0x0000000712b00000, 0x0000000712c00000, 0x0000000712c00000|100%| E|CS|TAMS 0x0000000712b00000, 0x0000000712b00000| Complete 
| 238|0x0000000712c00000, 0x0000000712cf3390, 0x0000000712d00000| 95%| S|CS|TAMS 0x0000000712c00000, 0x0000000712c00000| Complete 
| 239|0x0000000712d00000, 0x0000000712e00000, 0x0000000712e00000|100%| S|CS|TAMS 0x0000000712d00000, 0x0000000712d00000| Complete 
| 240|0x0000000712e00000, 0x0000000712f00000, 0x0000000712f00000|100%| S|CS|TAMS 0x0000000712e00000, 0x0000000712e00000| Complete 
| 241|0x0000000712f00000, 0x0000000713000000, 0x0000000713000000|100%| S|CS|TAMS 0x0000000712f00000, 0x0000000712f00000| Complete 
| 242|0x0000000713000000, 0x0000000713100000, 0x0000000713100000|100%| S|CS|TAMS 0x0000000713000000, 0x0000000713000000| Complete 
| 243|0x0000000713100000, 0x0000000713200000, 0x0000000713200000|100%| S|CS|TAMS 0x0000000713100000, 0x0000000713100000| Complete 
| 244|0x0000000713200000, 0x0000000713300000, 0x0000000713300000|100%| S|CS|TAMS 0x0000000713200000, 0x0000000713200000| Complete 
| 245|0x0000000713300000, 0x0000000713400000, 0x0000000713400000|100%| S|CS|TAMS 0x0000000713300000, 0x0000000713300000| Complete 
| 246|0x0000000713400000, 0x0000000713500000, 0x0000000713500000|100%| E|CS|TAMS 0x0000000713400000, 0x0000000713400000| Complete 
| 247|0x0000000713500000, 0x0000000713600000, 0x0000000713600000|100%| E|CS|TAMS 0x0000000713500000, 0x0000000713500000| Complete 
| 248|0x0000000713600000, 0x0000000713700000, 0x0000000713700000|100%| E|CS|TAMS 0x0000000713600000, 0x0000000713600000| Complete 
| 249|0x0000000713700000, 0x0000000713800000, 0x0000000713800000|100%| E|CS|TAMS 0x0000000713700000, 0x0000000713700000| Complete 
| 250|0x0000000713800000, 0x0000000713900000, 0x0000000713900000|100%| E|CS|TAMS 0x0000000713800000, 0x0000000713800000| Complete 
| 251|0x0000000713900000, 0x0000000713a00000, 0x0000000713a00000|100%| E|CS|TAMS 0x0000000713900000, 0x0000000713900000| Complete 
| 252|0x0000000713a00000, 0x0000000713b00000, 0x0000000713b00000|100%| E|CS|TAMS 0x0000000713a00000, 0x0000000713a00000| Complete 
| 253|0x0000000713b00000, 0x0000000713c00000, 0x0000000713c00000|100%| E|CS|TAMS 0x0000000713b00000, 0x0000000713b00000| Complete 

Card table byte_map: [0x000001b1c5af0000,0x000001b1c62e0000] _byte_map_base: 0x000001b1c22d1000

Marking Bits (Prev, Next): (CMBitMap*) 0x000001b1ad576c48, (CMBitMap*) 0x000001b1ad576c80
 Prev Bits: [0x000001b1c6ad0000, 0x000001b1ca9d8000)
 Next Bits: [0x000001b1ca9e0000, 0x000001b1ce8e8000)

Polling page: 0x000001b1ad5f0000

Metaspace:

Usage:
  Non-class:     41.74 MB capacity,    41.02 MB ( 98%) used,   579.03 KB (  1%) free+waste,   161.13 KB ( <1%) overhead. 
      Class:      6.22 MB capacity,     5.71 MB ( 92%) used,   447.52 KB (  7%) free+waste,    76.81 KB (  1%) overhead. 
       Both:     47.96 MB capacity,    46.72 MB ( 97%) used,     1.00 MB (  2%) free+waste,   237.94 KB ( <1%) overhead. 

Virtual space:
  Non-class space:       42.00 MB reserved,      41.75 MB (>99%) committed 
      Class space:        1.00 GB reserved,       6.25 MB ( <1%) committed 
             Both:        1.04 GB reserved,      48.00 MB (  5%) committed 

Chunk freelists:
   Non-Class:  1.25 KB
       Class:  128 bytes
        Both:  1.38 KB

CodeHeap 'non-profiled nmethods': size=120000Kb used=2781Kb max_used=2817Kb free=117218Kb
 bounds [0x000001b1bd370000, 0x000001b1bd640000, 0x000001b1c48a0000]
CodeHeap 'profiled nmethods': size=120000Kb used=9794Kb max_used=10047Kb free=110205Kb
 bounds [0x000001b1b5e40000, 0x000001b1b6820000, 0x000001b1bd370000]
CodeHeap 'non-nmethods': size=5760Kb used=1197Kb max_used=1291Kb free=4563Kb
 bounds [0x000001b1b58a0000, 0x000001b1b5b10000, 0x000001b1b5e40000]
 total_blobs=6176 nmethods=4180 adapters=451
 compilation: enabled
              stopped_count=0, restarted_count=0
 full_count=0

Compilation events (10 events):
Event: 7.973 Thread 0x000001b1d1d87800 4543       3       com.fasterxml.jackson.databind.introspect.JacksonAnnotationIntrospector::isAnnotationBundle (56 bytes)
Event: 7.973 Thread 0x000001b1d1d8b800 4545       4       com.fasterxml.jackson.databind.introspect.AnnotatedMember::getAnnotation (18 bytes)
Event: 7.973 Thread 0x000001b1d1d87800 nmethod 4543 0x000001b1b5f42190 code [0x000001b1b5f423e0, 0x000001b1b5f42d50]
Event: 7.973 Thread 0x000001b1d1d87800 4544       3       com.fasterxml.jackson.databind.introspect.AnnotatedCreatorCollector::_isIncludableFactoryMethod (23 bytes)
Event: 7.974 Thread 0x000001b1d1d87800 nmethod 4544 0x000001b1b5f57e10 code [0x000001b1b5f58000, 0x000001b1b5f58438]
Event: 7.974 Thread 0x000001b1d1d87800 4542       3       com.fasterxml.jackson.databind.introspect.POJOPropertiesCollector::_checkRenameByField (38 bytes)
Event: 7.974 Thread 0x000001b1d1d87800 nmethod 4542 0x000001b1b5f57610 code [0x000001b1b5f57800, 0x000001b1b5f57ca0]
Event: 7.977 Thread 0x000001b1d1d8b800 nmethod 4545 0x000001b1bd487410 code [0x000001b1bd4875c0, 0x000001b1bd487908]
Event: 7.978 Thread 0x000001b1d1d87800 4546       3       com.fasterxml.jackson.databind.introspect.AnnotatedClassResolver::_addClassMixIns (65 bytes)
Event: 7.979 Thread 0x000001b1d1d87800 nmethod 4546 0x000001b1b60a9b90 code [0x000001b1b60a9ea0, 0x000001b1b60ab060]

GC Heap History (10 events):
Event: 3.065 GC heap before
{Heap before GC invocations=0 (full 0):
 garbage-first heap   total 260096K, used 24576K [0x0000000703e00000, 0x0000000800000000)
  region size 1024K, 24 young (24576K), 0 survivors (0K)
 Metaspace       used 9859K, capacity 9981K, committed 10240K, reserved 1058816K
  class space    used 915K, capacity 944K, committed 1024K, reserved 1048576K
}
Event: 3.068 GC heap after
{Heap after GC invocations=1 (full 0):
 garbage-first heap   total 260096K, used 5521K [0x0000000703e00000, 0x0000000800000000)
  region size 1024K, 3 young (3072K), 3 survivors (3072K)
 Metaspace       used 9859K, capacity 9981K, committed 10240K, reserved 1058816K
  class space    used 915K, capacity 944K, committed 1024K, reserved 1048576K
}
Event: 3.964 GC heap before
{Heap before GC invocations=1 (full 0):
 garbage-first heap   total 260096K, used 59793K [0x0000000703e00000, 0x0000000800000000)
  region size 1024K, 57 young (58368K), 3 survivors (3072K)
 Metaspace       used 20635K, capacity 21079K, committed 21248K, reserved 1069056K
  class space    used 2235K, capacity 2452K, committed 2560K, reserved 1048576K
}
Event: 3.970 GC heap after
{Heap after GC invocations=2 (full 0):
 garbage-first heap   total 260096K, used 8108K [0x0000000703e00000, 0x0000000800000000)
  region size 1024K, 6 young (6144K), 6 survivors (6144K)
 Metaspace       used 20635K, capacity 21079K, committed 21248K, reserved 1069056K
  class space    used 2235K, capacity 2452K, committed 2560K, reserved 1048576K
}
Event: 4.554 GC heap before
{Heap before GC invocations=3 (full 0):
 garbage-first heap   total 260096K, used 62380K [0x0000000703e00000, 0x0000000800000000)
  region size 1024K, 60 young (61440K), 6 survivors (6144K)
 Metaspace       used 26021K, capacity 26674K, committed 26752K, reserved 1073152K
  class space    used 2902K, capacity 3179K, committed 3200K, reserved 1048576K
}
Event: 4.560 GC heap after
{Heap after GC invocations=4 (full 0):
 garbage-first heap   total 260096K, used 10069K [0x0000000703e00000, 0x0000000800000000)
  region size 1024K, 5 young (5120K), 5 survivors (5120K)
 Metaspace       used 26021K, capacity 26674K, committed 26752K, reserved 1073152K
  class space    used 2902K, capacity 3179K, committed 3200K, reserved 1048576K
}
Event: 5.771 GC heap before
{Heap before GC invocations=4 (full 0):
 garbage-first heap   total 260096K, used 90965K [0x0000000703e00000, 0x0000000800000000)
  region size 1024K, 80 young (81920K), 5 survivors (5120K)
 Metaspace       used 34127K, capacity 34996K, committed 35072K, reserved 1079296K
  class space    used 3913K, capacity 4302K, committed 4352K, reserved 1048576K
}
Event: 5.778 GC heap after
{Heap after GC invocations=5 (full 0):
 garbage-first heap   total 260096K, used 13150K [0x0000000703e00000, 0x0000000800000000)
  region size 1024K, 8 young (8192K), 8 survivors (8192K)
 Metaspace       used 34127K, capacity 34996K, committed 35072K, reserved 1079296K
  class space    used 3913K, capacity 4302K, committed 4352K, reserved 1048576K
}
Event: 5.884 GC heap before
{Heap before GC invocations=5 (full 0):
 garbage-first heap   total 260096K, used 20318K [0x0000000703e00000, 0x0000000800000000)
  region size 1024K, 16 young (16384K), 8 survivors (8192K)
 Metaspace       used 34843K, capacity 35714K, committed 35840K, reserved 1081344K
  class space    used 4010K, capacity 4392K, committed 4480K, reserved 1048576K
}
Event: 5.894 GC heap after
{Heap after GC invocations=6 (full 0):
 garbage-first heap   total 260096K, used 13602K [0x0000000703e00000, 0x0000000800000000)
  region size 1024K, 8 young (8192K), 8 survivors (8192K)
 Metaspace       used 34843K, capacity 35714K, committed 35840K, reserved 1081344K
  class space    used 4010K, capacity 4392K, committed 4480K, reserved 1048576K
}

Deoptimization events (10 events):
Event: 7.759 Thread 0x000001b1ad512800 Uncommon trap: reason=bimorphic_or_optimized_type_check action=maybe_recompile pc=0x000001b1bd5fefc0 method=java.util.concurrent.ConcurrentHashMap.putVal(Ljava/lang/Object;Ljava/lang/Object;Z)Ljava/lang/Object; @ 159 c2
Event: 7.766 Thread 0x000001b1ad512800 Uncommon trap: reason=unstable_if action=reinterpret pc=0x000001b1bd46af60 method=java.util.concurrent.ConcurrentHashMap.get(Ljava/lang/Object;)Ljava/lang/Object; @ 152 c2
Event: 7.767 Thread 0x000001b1ad512800 Uncommon trap: reason=bimorphic_or_optimized_type_check action=maybe_recompile pc=0x000001b1bd5fef7c method=java.util.concurrent.ConcurrentHashMap.putVal(Ljava/lang/Object;Ljava/lang/Object;Z)Ljava/lang/Object; @ 242 c2
Event: 7.779 Thread 0x000001b1ad512800 Uncommon trap: reason=bimorphic_or_optimized_type_check action=maybe_recompile pc=0x000001b1bd5fefc0 method=java.util.concurrent.ConcurrentHashMap.putVal(Ljava/lang/Object;Ljava/lang/Object;Z)Ljava/lang/Object; @ 159 c2
Event: 7.867 Thread 0x000001b1ad512800 Uncommon trap: reason=unstable_if action=reinterpret pc=0x000001b1bd53234c method=java.lang.CharacterDataLatin1.digit(II)I @ 12 c2
Event: 7.870 Thread 0x000001b1ad512800 Uncommon trap: reason=unstable_if action=reinterpret pc=0x000001b1bd5dde4c method=sun.net.www.ParseUtil.encodePath(Ljava/lang/String;Z)Ljava/lang/String; @ 1 c2
Event: 7.885 Thread 0x000001b1ad512800 Uncommon trap: reason=unstable_if action=reinterpret pc=0x000001b1bd5164e8 method=java.lang.ThreadLocal$ThreadLocalMap.getEntry(Ljava/lang/ThreadLocal;)Ljava/lang/ThreadLocal$ThreadLocalMap$Entry; @ 29 c2
Event: 7.969 Thread 0x000001b1d327d800 Uncommon trap: reason=unstable_if action=reinterpret pc=0x000001b1bd5f28c0 method=java.lang.Integer.stringSize(I)I @ 3 c2
Event: 7.969 Thread 0x000001b1d327d800 Uncommon trap: reason=unstable_if action=reinterpret pc=0x000001b1bd5f3d40 method=java.lang.Integer.getChars(II[B)I @ 4 c2
Event: 7.980 Thread 0x000001b1d327d800 Uncommon trap: reason=unstable_if action=reinterpret pc=0x000001b1bd532744 method=java.lang.CharacterDataLatin1.digit(II)I @ 12 c2

Classes redefined (0 events):
No events

Internal exceptions (10 events):
Event: 7.258 Thread 0x000001b1ad512800 Exception <a 'java/lang/NoSuchMethodError'{0x0000000710204fb8}: java.lang.invoke.DirectMethodHandle$Holder.invokeStatic(Ljava/lang/Object;Ljava/lang/Object;ILjava/lang/Object;I)Ljava/lang/Object;> (0x0000000710204fb8) thrown at [t:/workspace/open/src/hots
Event: 7.258 Thread 0x000001b1ad512800 Exception <a 'java/lang/NoSuchMethodError'{0x0000000710208790}: java.lang.invoke.DirectMethodHandle$Holder.invokeSpecial(Ljava/lang/Object;Ljava/lang/Object;Ljava/lang/Object;ILjava/lang/Object;I)Ljava/lang/Object;> (0x0000000710208790) thrown at [t:/work
Event: 7.259 Thread 0x000001b1ad512800 Exception <a 'java/lang/NoSuchMethodError'{0x00000007102186d0}: java.lang.invoke.DirectMethodHandle$Holder.invokeVirtual(Ljava/lang/Object;Ljava/lang/Object;)V> (0x00000007102186d0) thrown at [t:/workspace/open/src/hotspot/share/interpreter/linkResolver.c
Event: 7.334 Thread 0x000001b1ad512800 Exception <a 'java/lang/IncompatibleClassChangeError'{0x00000007100d56d0}: Found class java.lang.Object, but interface was expected> (0x00000007100d56d0) thrown at [t:/workspace/open/src/hotspot/share/interpreter/linkResolver.cpp, line 856]
Event: 7.361 Thread 0x000001b1ad512800 Exception <a 'java/lang/NoSuchMethodError'{0x000000070ff97738}: java.lang.invoke.DirectMethodHandle$Holder.invokeStatic(Ljava/lang/Object;Ljava/lang/Object;Ljava/lang/Object;Ljava/lang/Object;Ljava/lang/Object;Ljava/lang/Object;Ljava/lang/Object;Ljava/lan
Event: 7.363 Thread 0x000001b1ad512800 Exception <a 'java/lang/NoSuchMethodError'{0x000000070ffb5ba8}: java.lang.invoke.DirectMethodHandle$Holder.invokeStatic(Ljava/lang/Object;Ljava/lang/Object;Ljava/lang/Object;Ljava/lang/Object;Ljava/lang/Object;Ljava/lang/Object;Ljava/lang/Object;Ljava/lan
Event: 7.365 Thread 0x000001b1ad512800 Exception <a 'java/lang/NoSuchMethodError'{0x000000070ffd4e80}: java.lang.invoke.DirectMethodHandle$Holder.invokeStatic(Ljava/lang/Object;Ljava/lang/Object;Ljava/lang/Object;Ljava/lang/Object;Ljava/lang/Object;Ljava/lang/Object;Ljava/lang/Object;Ljava/lan
Event: 7.367 Thread 0x000001b1ad512800 Exception <a 'java/lang/NoSuchMethodError'{0x000000070fff5880}: java.lang.invoke.DirectMethodHandle$Holder.invokeStatic(Ljava/lang/Object;Ljava/lang/Object;Ljava/lang/Object;Ljava/lang/Object;Ljava/lang/Object;Ljava/lang/Object;Ljava/lang/Object;Ljava/lan
Event: 7.392 Thread 0x000001b1ad512800 Implicit null exception at 0x000001b1bd4f50dd to 0x000001b1bd4f52de
Event: 7.514 Thread 0x000001b1ad512800 Exception <a 'sun/nio/fs/WindowsException'{0x000000070f817d88}> (0x000000070f817d88) thrown at [t:/workspace/open/src/hotspot/share/prims/jni.cpp, line 615]

Events (10 events):
Event: 7.979 Executing VM operation: BulkRevokeBias done
Event: 7.979 Executing VM operation: RevokeBias
Event: 7.979 Executing VM operation: RevokeBias done
Event: 7.979 Executing VM operation: RevokeBias
Event: 7.979 Executing VM operation: RevokeBias done
Event: 7.980 loading class org/apache/http/impl/execchain/RequestEntityProxy
Event: 7.980 loading class org/apache/http/impl/execchain/RequestEntityProxy done
Event: 7.980 Thread 0x000001b1d327d800 Uncommon trap: trap_request=0xffffff4d fr.pc=0x000001b1bd532744 relative=0x00000000000000a4
Event: 7.980 Thread 0x000001b1d327d800 DEOPT PACKING pc=0x000001b1bd532744 sp=0x0000006a8d0fe110
Event: 7.980 Thread 0x000001b1d327d800 DEOPT UNPACKING pc=0x000001b1b58c91af sp=0x0000006a8d0fe088 mode 2


Dynamic libraries:
0x00007ff7fba50000 - 0x00007ff7fba95000 	C:\.Net & Java Software\Open JKD -11\bin\javaw.exe
0x00007ffacd2c0000 - 0x00007ffacd4c9000 	C:\WINDOWS\SYSTEM32\ntdll.dll
0x00007ffacc000000 - 0x00007ffacc0be000 	C:\WINDOWS\System32\KERNEL32.DLL
0x00007ffacaab0000 - 0x00007ffacae2b000 	C:\WINDOWS\System32\KERNELBASE.dll
0x00007ffaccc20000 - 0x00007ffaccdcd000 	C:\WINDOWS\System32\USER32.dll
0x00007ffacaff0000 - 0x00007ffacb016000 	C:\WINDOWS\System32\win32u.dll
0x00007ffacd1e0000 - 0x00007ffacd209000 	C:\WINDOWS\System32\GDI32.dll
0x00007ffacaed0000 - 0x00007ffacafe8000 	C:\WINDOWS\System32\gdi32full.dll
0x00007ffacae30000 - 0x00007ffacaecd000 	C:\WINDOWS\System32\msvcp_win.dll
0x00007ffacb020000 - 0x00007ffacb131000 	C:\WINDOWS\System32\ucrtbase.dll
0x00007ffaad680000 - 0x00007ffaad925000 	C:\WINDOWS\WinSxS\amd64_microsoft.windows.common-controls_6595b64144ccf1df_6.0.22000.120_none_9d947278b86cc467\COMCTL32.dll
0x00007ffacc0c0000 - 0x00007ffacc163000 	C:\WINDOWS\System32\msvcrt.dll
0x00007ffacb220000 - 0x00007ffacb252000 	C:\WINDOWS\System32\IMM32.DLL
0x00007ffabf620000 - 0x00007ffabf636000 	C:\.Net & Java Software\Open JKD -11\bin\vcruntime140.dll
0x00007ffaaabe0000 - 0x00007ffaaac8a000 	C:\.Net & Java Software\Open JKD -11\bin\msvcp140.dll
0x00007ffa8a990000 - 0x00007ffa8b4d1000 	C:\.Net & Java Software\Open JKD -11\bin\server\jvm.dll
0x00007ffacb170000 - 0x00007ffacb21e000 	C:\WINDOWS\System32\ADVAPI32.dll
0x00007ffaccb80000 - 0x00007ffaccc1e000 	C:\WINDOWS\System32\sechost.dll
0x00007ffacb260000 - 0x00007ffacb380000 	C:\WINDOWS\System32\RPCRT4.dll
0x00007ffacb140000 - 0x00007ffacb148000 	C:\WINDOWS\System32\PSAPI.DLL
0x00007ffabc940000 - 0x00007ffabc949000 	C:\WINDOWS\SYSTEM32\WSOCK32.dll
0x00007ffac22e0000 - 0x00007ffac2313000 	C:\WINDOWS\SYSTEM32\WINMM.dll
0x00007ffabf650000 - 0x00007ffabf65a000 	C:\WINDOWS\SYSTEM32\VERSION.dll
0x00007ffacd210000 - 0x00007ffacd27f000 	C:\WINDOWS\System32\WS2_32.dll
0x00007ffac96f0000 - 0x00007ffac9708000 	C:\WINDOWS\SYSTEM32\kernel.appcore.dll
0x00007ffabf410000 - 0x00007ffabf421000 	C:\.Net & Java Software\Open JKD -11\bin\verify.dll
0x00007ffac4460000 - 0x00007ffac4681000 	C:\WINDOWS\SYSTEM32\DBGHELP.DLL
0x00007ffabf7e0000 - 0x00007ffabf811000 	C:\WINDOWS\SYSTEM32\dbgcore.DLL
0x00007ffaca790000 - 0x00007ffaca80f000 	C:\WINDOWS\System32\bcryptPrimitives.dll
0x00007ffabe620000 - 0x00007ffabe648000 	C:\.Net & Java Software\Open JKD -11\bin\java.dll
0x00007ffabf300000 - 0x00007ffabf316000 	C:\.Net & Java Software\Open JKD -11\bin\zip.dll
0x00007ffac1ad0000 - 0x00007ffac1ada000 	C:\.Net & Java Software\Open JKD -11\bin\jimage.dll
0x00007ffacc310000 - 0x00007ffaccac8000 	C:\WINDOWS\System32\SHELL32.dll
0x00007ffac8730000 - 0x00007ffac8f95000 	C:\WINDOWS\SYSTEM32\windows.storage.dll
0x00007ffacb380000 - 0x00007ffacb6f8000 	C:\WINDOWS\System32\combase.dll
0x00007ffac85c0000 - 0x00007ffac8726000 	C:\WINDOWS\SYSTEM32\wintypes.dll
0x00007ffacd070000 - 0x00007ffacd15a000 	C:\WINDOWS\System32\SHCORE.dll
0x00007ffaccef0000 - 0x00007ffaccf4d000 	C:\WINDOWS\System32\shlwapi.dll
0x00007ffaca6c0000 - 0x00007ffaca6e1000 	C:\WINDOWS\SYSTEM32\profapi.dll
0x00007ffabf060000 - 0x00007ffabf079000 	C:\.Net & Java Software\Open JKD -11\bin\net.dll
0x00007ffac9710000 - 0x00007ffac9824000 	C:\WINDOWS\SYSTEM32\WINHTTP.dll
0x00007ffac9cb0000 - 0x00007ffac9d17000 	C:\WINDOWS\system32\mswsock.dll
0x00007ffabee00000 - 0x00007ffabee13000 	C:\.Net & Java Software\Open JKD -11\bin\nio.dll
0x00007ffac9220000 - 0x00007ffac924d000 	C:\WINDOWS\SYSTEM32\IPHLPAPI.DLL
0x00007ffaccb70000 - 0x00007ffaccb79000 	C:\WINDOWS\System32\NSI.dll
0x00007ffac2ae0000 - 0x00007ffac2af9000 	C:\WINDOWS\SYSTEM32\dhcpcsvc6.DLL
0x00007ffac2980000 - 0x00007ffac299e000 	C:\WINDOWS\SYSTEM32\dhcpcsvc.DLL
0x00007ffac9250000 - 0x00007ffac9338000 	C:\WINDOWS\SYSTEM32\DNSAPI.dll
0x00007ffac04a0000 - 0x00007ffac04aa000 	C:\Windows\System32\rasadhlp.dll
0x00007ffac2da0000 - 0x00007ffac2e21000 	C:\WINDOWS\System32\fwpuclnt.dll
0x00007ffac1aa0000 - 0x00007ffac1aa9000 	C:\.Net & Java Software\Open JKD -11\bin\management.dll
0x00007ffac0b80000 - 0x00007ffac0b8c000 	C:\.Net & Java Software\Open JKD -11\bin\management_ext.dll
0x00007ffaa91e0000 - 0x00007ffaa91f7000 	C:\WINDOWS\system32\napinsp.dll
0x00007ffaa9150000 - 0x00007ffaa916b000 	C:\WINDOWS\system32\pnrpnsp.dll
0x00007ffaa9030000 - 0x00007ffaa9042000 	C:\WINDOWS\System32\winrnr.dll
0x00007ffaa9010000 - 0x00007ffaa9025000 	C:\WINDOWS\system32\wshbth.dll
0x00007ffaa8ff0000 - 0x00007ffaa900f000 	C:\WINDOWS\system32\nlansp_c.dll
0x00007ffac9ef0000 - 0x00007ffac9f08000 	C:\WINDOWS\SYSTEM32\CRYPTSP.dll
0x00007ffac9650000 - 0x00007ffac9685000 	C:\WINDOWS\system32\rsaenh.dll
0x00007ffac9da0000 - 0x00007ffac9dc9000 	C:\WINDOWS\SYSTEM32\USERENV.dll
0x00007ffaca080000 - 0x00007ffaca0a7000 	C:\WINDOWS\SYSTEM32\bcrypt.dll
0x00007ffac9f10000 - 0x00007ffac9f1c000 	C:\WINDOWS\SYSTEM32\CRYPTBASE.dll
0x00007ffabdf20000 - 0x00007ffabdf47000 	C:\.Net & Java Software\Open JKD -11\bin\sunec.dll
0x00007ffac0b10000 - 0x00007ffac0b1d000 	C:\.Net & Java Software\Open JKD -11\bin\sunmscapi.dll
0x00007ffaca810000 - 0x00007ffaca972000 	C:\WINDOWS\System32\CRYPT32.dll
0x00007ffaca050000 - 0x00007ffaca078000 	C:\WINDOWS\SYSTEM32\ncrypt.dll
0x00007ffaca010000 - 0x00007ffaca047000 	C:\WINDOWS\SYSTEM32\NTASN1.dll

dbghelp: loaded successfully - version: 4.0.5 - missing functions: none
symbol engine: initialized successfully - sym options: 0x614 - pdb path: .;C:\.Net & Java Software\Open JKD -11\bin;C:\WINDOWS\SYSTEM32;C:\WINDOWS\WinSxS\amd64_microsoft.windows.common-controls_6595b64144ccf1df_6.0.22000.120_none_9d947278b86cc467;C:\.Net & Java Software\Open JKD -11\bin\server

VM Arguments:
jvm_args: -Dfile.encoding=UTF-8 
java_command: com.prodviewService.ProdviewServiceApplication
java_class_path (initial): C:\Users\md-alfahadansari\Downloads\prodviewService\prodviewService\target\classes;C:\Users\md-alfahadansari\.m2\repository\org\springframework\cloud\spring-cloud-starter-netflix-eureka-client\3.1.4\spring-cloud-starter-netflix-eureka-client-3.1.4.jar;C:\Users\md-alfahadansari\.m2\repository\org\springframework\cloud\spring-cloud-starter\3.1.5\spring-cloud-starter-3.1.5.jar;C:\Users\md-alfahadansari\.m2\repository\org\springframework\cloud\spring-cloud-context\3.1.5\spring-cloud-context-3.1.5.jar;C:\Users\md-alfahadansari\.m2\repository\org\springframework\security\spring-security-crypto\5.7.4\spring-security-crypto-5.7.4.jar;C:\Users\md-alfahadansari\.m2\repository\org\springframework\cloud\spring-cloud-commons\3.1.5\spring-cloud-commons-3.1.5.jar;C:\Users\md-alfahadansari\.m2\repository\org\springframework\security\spring-security-rsa\1.0.11.RELEASE\spring-security-rsa-1.0.11.RELEASE.jar;C:\Users\md-alfahadansari\.m2\repository\org\bouncycastle\bcpkix-jdk15on\1.69\bcpkix-jdk15on-1.69.jar;C:\Users\md-alfahadansari\.m2\repository\org\bouncycastle\bcprov-jdk15on\1.69\bcprov-jdk15on-1.69.jar;C:\Users\md-alfahadansari\.m2\repository\org\bouncycastle\bcutil-jdk15on\1.69\bcutil-jdk15on-1.69.jar;C:\Users\md-alfahadansari\.m2\repository\org\springframework\cloud\spring-cloud-netflix-eureka-client\3.1.4\spring-cloud-netflix-eureka-client-3.1.4.jar;C:\Users\md-alfahadansari\.m2\repository\com\netflix\eureka\eureka-client\1.10.17\eureka-client-1.10.17.jar;C:\Users\md-alfahadansari\.m2\repository\com\netflix\netflix-commons\netflix-eventbus\0.3.0\netflix-eventbus-0.3.0.jar;C:\Users\md-alfahadansari\.m2\repository\com\netflix\netflix-commons\netflix-infix\0.3.0\netflix-infix-0.3.0.jar;C:\Users\md-alfahadansari\.m2\repository\commons-jxpath\commons-jxpath\1.3\commons-jxpath-1.3.jar;C:\Users\md-alfahadansari\.m2\repository\joda-time\joda-time\2.3\joda-time-2.3.jar;C:\Users\md-alfahadansari\.m2\repository\org\antlr\antlr-runtime\3.4\antlr-runtime-3.4.j
Launcher Type: SUN_STANDARD

[Global flags]
     intx CICompilerCount                          = 4                                         {product} {ergonomic}
     uint ConcGCThreads                            = 2                                         {product} {ergonomic}
     uint G1ConcRefinementThreads                  = 8                                         {product} {ergonomic}
   size_t G1HeapRegionSize                         = 1048576                                   {product} {ergonomic}
    uintx GCDrainStackTargetSize                   = 64                                        {product} {ergonomic}
   size_t InitialHeapSize                          = 266338304                                 {product} {ergonomic}
   size_t MarkStackSize                            = 4194304                                   {product} {ergonomic}
   size_t MaxHeapSize                              = 4229955584                                {product} {ergonomic}
   size_t MaxNewSize                               = 2537553920                                {product} {ergonomic}
   size_t MinHeapDeltaBytes                        = 1048576                                   {product} {ergonomic}
    uintx NonNMethodCodeHeapSize                   = 5835340                                {pd product} {ergonomic}
    uintx NonProfiledCodeHeapSize                  = 122911450                              {pd product} {ergonomic}
    uintx ProfiledCodeHeapSize                     = 122911450                              {pd product} {ergonomic}
    uintx ReservedCodeCacheSize                    = 251658240                              {pd product} {ergonomic}
     bool SegmentedCodeCache                       = true                                      {product} {ergonomic}
     bool UseCompressedClassPointers               = true                                 {lp64_product} {ergonomic}
     bool UseCompressedOops                        = true                                 {lp64_product} {ergonomic}
     bool UseG1GC                                  = true                                      {product} {ergonomic}
     bool UseLargePagesIndividualAllocation        = false                                  {pd product} {ergonomic}

Logging:
Log output configuration:
 #0: stdout all=warning uptime,level,tags
 #1: stderr all=off uptime,level,tags

Environment Variables:
JAVA_HOME=C:\.Net & Java Software\Open JKD -11
PATH=C:\Program Files\Common Files\Oracle\Java\javapath;C:\Windows\system32;C:\Windows;C:\Windows\System32\Wbem;C:\Windows\System32\WindowsPowerShell\v1.0\;C:\Windows\System32\OpenSSH\;C:\Program Files\TortoiseSVN\bin;C:\.Net & Java Software\Open JKD -11bin;C:\Program Files\dotnet\;C:\Program Files\Microsoft SQL Server\130\Tools\Binn\;C:\Program Files\Microsoft SQL Server\Client SDK\ODBC\170\Tools\Binn\;C:\Program Files\nodejs\;C:\Program Files (x86)\Microsoft SQL Server\150\DTS\Binn\;C:\Program Files\Azure Data Studio\bin;C:\Program Files (x86)\Microsoft SQL Server\140\Tools\Binn\;C:\Program Files\Microsoft SQL Server\140\Tools\Binn\;C:\Program Files (x86)\Microsoft SQL Server\140\DTS\Binn\;C:\Program Files\Microsoft SQL Server\140\DTS\Binn\;C:\Program Files\Microsoft SQL Server\Client SDK\ODBC\130\Tools\Binn\;C:\Program Files\Git\cmd;C:\Program Files (x86)\dotnet\;C:\Program Files\Java\jdk-11.0.11\bin;C:\apache-maven-3.8.6\bin;;%SystemRoot%\system32;%SystemRoot%;%SystemRoot%\System32\Wbem;%SYSTEMROOT%\System32\WindowsPowerShell\v1.0\;%SYSTEMROOT%\System32\OpenSSH\;C:\Users\md-alfahadansari\AppData\Local\Microsoft\WindowsApps;C:\Users\md-alfahadansari\.dotnet\tools;C:\Users\md-alfahadansari\AppData\Roaming\npm;C:\Users\md-alfahadansari\AppData\Local\Programs\Microsoft VS Code\bin;C:\Program Files\Azure Data Studio\bin;C:\Program Files\JetBrains\IntelliJ IDEA Community Edition 2022.1.2\bin;;C:\Program Files\MongoDB\Server\6.0\bin;
USERNAME=md-alfahadansari
OS=Windows_NT
PROCESSOR_IDENTIFIER=Intel64 Family 6 Model 142 Stepping 12, GenuineIntel



---------------  S Y S T E M  ---------------

OS: Windows 10 , 64 bit Build 22000 (10.0.22000.1219)

CPU:total 8 (initial active 8) (4 cores per cpu, 2 threads per core) family 6 model 142 stepping 12, cmov, cx8, fxsr, mmx, sse, sse2, sse3, ssse3, sse4.1, sse4.2, popcnt, avx, avx2, aes, clmul, erms, 3dnowpref, lzcnt, ht, tsc, tscinvbit, bmi1, bmi2, adx, fma

Memory: 4k page, system-wide physical 16134M (5313M free)
TotalPageFile size 33670M (AvailPageFile size 5M)
current process WorkingSet (physical memory assigned to process): 295M, peak: 296M
current process commit charge ("private bytes"): 489M, peak: 491M

vm_info: OpenJDK 64-Bit Server VM (11.0.1+13) for windows-amd64 JRE (11.0.1+13), built on Oct  6 2018 13:18:13 by "mach5one" with MS VC++ 15.5 (VS2017)

END.
