#
# There is insufficient memory for the Java Runtime Environment to continue.
# Native memory allocation (malloc) failed to allocate 2145456 bytes for Chunk::new
# Possible reasons:
#   The system is out of physical RAM or swap space
#   The process is running with CompressedOops enabled, and the Java Heap may be blocking the growth of the native heap
# Possible solutions:
#   Reduce memory load on the system
#   Increase physical memory or swap space
#   Check if swap backing store is full
#   Decrease Java heap size (-Xmx/-Xms)
#   Decrease number of Java threads
#   Decrease Java thread stack sizes (-Xss)
#   Set larger code cache with -XX:ReservedCodeCacheSize=
#   JVM is running with Zero Based Compressed Oops mode in which the Java heap is
#     placed in the first 32GB address space. The Java Heap base address is the
#     maximum limit for the native heap growth. Please use -XX:HeapBaseMinAddress
#     to set the Java Heap base and to place the Java Heap above 32GB virtual address.
# This output file may be truncated or incomplete.
#
#  Out of Memory Error (t:/workspace/open/src/hotspot/share/memory/arena.cpp:197), pid=8356, tid=6832
#
# JRE version: OpenJDK Runtime Environment (11.0.1+13) (build 11.0.1+13)
# Java VM: OpenJDK 64-Bit Server VM (11.0.1+13, mixed mode, tiered, compressed oops, g1 gc, windows-amd64)
# No core dump will be written. Minidumps are not enabled by default on client versions of Windows
#

---------------  S U M M A R Y ------------

Command Line: -Dfile.encoding=UTF-8 com.eureka.e_server.EServerApplication

Host: Intel(R) Core(TM) i5-10210U CPU @ 1.60GHz, 8 cores, 15G,  Windows 10 , 64 bit Build 22000 (10.0.22000.1219)
Time: Fri Nov 18 12:02:23 2022 India Standard Time elapsed time: 7 seconds (0d 0h 0m 7s)

---------------  T H R E A D  ---------------

Current thread (0x000002c1ea7b9800):  JavaThread "C2 CompilerThread2" daemon [_thread_in_native, id=6832, stack(0x000000d171100000,0x000000d171200000)]


Current CompileTask:
C2:   7472 3151       4       org.springframework.beans.factory.support.AbstractBeanFactory::isTypeMatch (607 bytes)

Stack: [0x000000d171100000,0x000000d171200000]
Native frames: (J=compiled Java code, j=interpreted, Vv=VM code, C=native code)
V  [jvm.dll+0x63ad9a]
V  [jvm.dll+0x77851f]
V  [jvm.dll+0x779b08]
V  [jvm.dll+0x77a1c3]
V  [jvm.dll+0x2624c8]
V  [jvm.dll+0xc5b61]
V  [jvm.dll+0xc60fc]
V  [jvm.dll+0x36e5f2]
V  [jvm.dll+0x33b413]
V  [jvm.dll+0x33a7ea]
V  [jvm.dll+0x21c365]
V  [jvm.dll+0x21b50a]
V  [jvm.dll+0x198400]
V  [jvm.dll+0x22a4ff]
V  [jvm.dll+0x228b18]
V  [jvm.dll+0x73dc2d]
V  [jvm.dll+0x639e32]
C  [ucrtbase.dll+0x26c0c]
C  [KERNEL32.DLL+0x15550]
C  [ntdll.dll+0x485b]


---------------  P R O C E S S  ---------------

Threads class SMR info:
_java_thread_list=0x000002c1ec21ff40, length=12, elements={
0x000002c1c4b36800, 0x000002c1e82d2000, 0x000002c1e82db800, 0x000002c1e82e2800,
0x000002c1e82e6000, 0x000002c1e8bf6800, 0x000002c1e8ba3800, 0x000002c1e8bb0000,
0x000002c1e8d44000, 0x000002c1e8d4d000, 0x000002c1e9741000, 0x000002c1ea7b9800
}

Java Threads: ( => current thread )
  0x000002c1c4b36800 JavaThread "main" [_thread_in_Java, id=9476, stack(0x000000d170000000,0x000000d170100000)]
  0x000002c1e82d2000 JavaThread "Reference Handler" daemon [_thread_blocked, id=3956, stack(0x000000d170700000,0x000000d170800000)]
  0x000002c1e82db800 JavaThread "Finalizer" daemon [_thread_blocked, id=15260, stack(0x000000d170800000,0x000000d170900000)]
  0x000002c1e82e2800 JavaThread "Signal Dispatcher" daemon [_thread_blocked, id=20500, stack(0x000000d170900000,0x000000d170a00000)]
  0x000002c1e82e6000 JavaThread "Attach Listener" daemon [_thread_blocked, id=19572, stack(0x000000d170a00000,0x000000d170b00000)]
  0x000002c1e8bf6800 JavaThread "C2 CompilerThread0" daemon [_thread_in_native, id=7368, stack(0x000000d170b00000,0x000000d170c00000)]
  0x000002c1e8ba3800 JavaThread "C1 CompilerThread0" daemon [_thread_in_native, id=6288, stack(0x000000d170c00000,0x000000d170d00000)]
  0x000002c1e8bb0000 JavaThread "Sweeper thread" daemon [_thread_blocked, id=25396, stack(0x000000d170d00000,0x000000d170e00000)]
  0x000002c1e8d44000 JavaThread "Service Thread" daemon [_thread_blocked, id=7896, stack(0x000000d170e00000,0x000000d170f00000)]
  0x000002c1e8d4d000 JavaThread "Common-Cleaner" daemon [_thread_blocked, id=25148, stack(0x000000d171000000,0x000000d171100000)]
  0x000002c1e9741000 JavaThread "C2 CompilerThread1" daemon [_thread_in_native, id=1664, stack(0x000000d171700000,0x000000d171800000)]
=>0x000002c1ea7b9800 JavaThread "C2 CompilerThread2" daemon [_thread_in_native, id=6832, stack(0x000000d171100000,0x000000d171200000)]

Other Threads:
  0x000002c1e82cb000 VMThread "VM Thread" [stack: 0x000000d170600000,0x000000d170700000] [id=7624]
  0x000002c1e8d45000 WatcherThread [stack: 0x000000d170f00000,0x000000d171000000] [id=24672]
  0x000002c1c4b4c800 GCTaskThread "GC Thread#0" [stack: 0x000000d170100000,0x000000d170200000] [id=14268]
  0x000002c1e94d7000 GCTaskThread "GC Thread#1" [stack: 0x000000d171200000,0x000000d171300000] [id=21040]
  0x000002c1e976e000 GCTaskThread "GC Thread#2" [stack: 0x000000d171300000,0x000000d171400000] [id=8016]
  0x000002c1e94d1000 GCTaskThread "GC Thread#3" [stack: 0x000000d171400000,0x000000d171500000] [id=3724]
  0x000002c1e9661000 GCTaskThread "GC Thread#4" [stack: 0x000000d171500000,0x000000d171600000] [id=3872]
  0x000002c1e9873800 GCTaskThread "GC Thread#5" [stack: 0x000000d171600000,0x000000d171700000] [id=18524]
  0x000002c1c4bab800 ConcurrentGCThread "G1 Main Marker" [stack: 0x000000d170200000,0x000000d170300000] [id=11664]
  0x000002c1c4bae000 ConcurrentGCThread "G1 Conc#0" [stack: 0x000000d170300000,0x000000d170400000] [id=3696]
  0x000002c1ea3d4000 ConcurrentGCThread "G1 Conc#1" [stack: 0x000000d171800000,0x000000d171900000] [id=21996]
  0x000002c1e81ad000 ConcurrentGCThread "G1 Refine#0" [stack: 0x000000d170400000,0x000000d170500000] [id=1916]
  0x000002c1e81b0000 ConcurrentGCThread "G1 Young RemSet Sampling" [stack: 0x000000d170500000,0x000000d170600000] [id=18600]

Threads with active compile tasks:
C2 CompilerThread03179       4       org.springframework.core.annotation.TypeMappedAnnotation::getValue (41 bytes)
C1 CompilerThread03227       3       org.springframework.beans.factory.support.AbstractBeanDefinition::resolveBeanClass (24 bytes)
C2 CompilerThread13200   !   4       jdk.internal.loader.BuiltinClassLoader::loadClassOrNull (143 bytes)
C2 CompilerThread23151       4       org.springframework.beans.factory.support.AbstractBeanFactory::isTypeMatch (607 bytes)

VM state:not at safepoint (normal execution)

VM Mutex/Monitor currently owned by a thread: None

Heap address: 0x0000000703e00000, size: 4034 MB, Compressed Oops mode: Zero based, Oop shift amount: 3
Narrow klass base: 0x0000000800000000, Narrow klass shift: 0
Compressed class space size: 1073741824 Address: 0x0000000800000000

Heap:
 garbage-first heap   total 260096K, used 62381K [0x0000000703e00000, 0x0000000800000000)
  region size 1024K, 56 young (57344K), 5 survivors (5120K)
 Metaspace       used 30193K, capacity 30886K, committed 31232K, reserved 1077248K
  class space    used 3424K, capacity 3717K, committed 3840K, reserved 1048576K
Heap Regions: E=young(eden), S=young(survivor), O=old, HS=humongous(starts), HC=humongous(continues), CS=collection set, F=free, A=archive, TAMS=top-at-mark-start (previous, next)
|   0|0x0000000703e00000, 0x0000000703f00000, 0x0000000703f00000|100%| O|  |TAMS 0x0000000703f00000, 0x0000000703e00000| Untracked 
|   1|0x0000000703f00000, 0x0000000704000000, 0x0000000704000000|100%| O|  |TAMS 0x0000000704000000, 0x0000000703f00000| Untracked 
|   2|0x0000000704000000, 0x0000000704100000, 0x0000000704100000|100%| O|  |TAMS 0x0000000704100000, 0x0000000704000000| Untracked 
|   3|0x0000000704100000, 0x0000000704200000, 0x0000000704200000|100%| O|  |TAMS 0x0000000704200000, 0x0000000704100000| Untracked 
|   4|0x0000000704200000, 0x0000000704300000, 0x0000000704300000|100%| O|  |TAMS 0x0000000704300000, 0x0000000704200000| Untracked 
|   5|0x0000000704300000, 0x00000007043eb600, 0x0000000704400000| 91%| O|  |TAMS 0x00000007043eb600, 0x0000000704300000| Untracked 
|   6|0x0000000704400000, 0x0000000704400000, 0x0000000704500000|  0%| F|  |TAMS 0x0000000704400000, 0x0000000704400000| Untracked 
|   7|0x0000000704500000, 0x0000000704500000, 0x0000000704600000|  0%| F|  |TAMS 0x0000000704500000, 0x0000000704500000| Untracked 
|   8|0x0000000704600000, 0x0000000704600000, 0x0000000704700000|  0%| F|  |TAMS 0x0000000704600000, 0x0000000704600000| Untracked 
|   9|0x0000000704700000, 0x0000000704700000, 0x0000000704800000|  0%| F|  |TAMS 0x0000000704700000, 0x0000000704700000| Untracked 
|  10|0x0000000704800000, 0x0000000704800000, 0x0000000704900000|  0%| F|  |TAMS 0x0000000704800000, 0x0000000704800000| Untracked 
|  11|0x0000000704900000, 0x0000000704900000, 0x0000000704a00000|  0%| F|  |TAMS 0x0000000704900000, 0x0000000704900000| Untracked 
|  12|0x0000000704a00000, 0x0000000704a00000, 0x0000000704b00000|  0%| F|  |TAMS 0x0000000704a00000, 0x0000000704a00000| Untracked 
|  13|0x0000000704b00000, 0x0000000704b00000, 0x0000000704c00000|  0%| F|  |TAMS 0x0000000704b00000, 0x0000000704b00000| Untracked 
|  14|0x0000000704c00000, 0x0000000704c00000, 0x0000000704d00000|  0%| F|  |TAMS 0x0000000704c00000, 0x0000000704c00000| Untracked 
|  15|0x0000000704d00000, 0x0000000704d00000, 0x0000000704e00000|  0%| F|  |TAMS 0x0000000704d00000, 0x0000000704d00000| Untracked 
|  16|0x0000000704e00000, 0x0000000704e00000, 0x0000000704f00000|  0%| F|  |TAMS 0x0000000704e00000, 0x0000000704e00000| Untracked 
|  17|0x0000000704f00000, 0x0000000704f00000, 0x0000000705000000|  0%| F|  |TAMS 0x0000000704f00000, 0x0000000704f00000| Untracked 
|  18|0x0000000705000000, 0x0000000705000000, 0x0000000705100000|  0%| F|  |TAMS 0x0000000705000000, 0x0000000705000000| Untracked 
|  19|0x0000000705100000, 0x0000000705100000, 0x0000000705200000|  0%| F|  |TAMS 0x0000000705100000, 0x0000000705100000| Untracked 
|  20|0x0000000705200000, 0x0000000705200000, 0x0000000705300000|  0%| F|  |TAMS 0x0000000705200000, 0x0000000705200000| Untracked 
|  21|0x0000000705300000, 0x0000000705300000, 0x0000000705400000|  0%| F|  |TAMS 0x0000000705300000, 0x0000000705300000| Untracked 
|  22|0x0000000705400000, 0x0000000705400000, 0x0000000705500000|  0%| F|  |TAMS 0x0000000705400000, 0x0000000705400000| Untracked 
|  23|0x0000000705500000, 0x0000000705500000, 0x0000000705600000|  0%| F|  |TAMS 0x0000000705500000, 0x0000000705500000| Untracked 
|  24|0x0000000705600000, 0x0000000705600000, 0x0000000705700000|  0%| F|  |TAMS 0x0000000705600000, 0x0000000705600000| Untracked 
|  25|0x0000000705700000, 0x0000000705700000, 0x0000000705800000|  0%| F|  |TAMS 0x0000000705700000, 0x0000000705700000| Untracked 
|  26|0x0000000705800000, 0x0000000705800000, 0x0000000705900000|  0%| F|  |TAMS 0x0000000705800000, 0x0000000705800000| Untracked 
|  27|0x0000000705900000, 0x0000000705900000, 0x0000000705a00000|  0%| F|  |TAMS 0x0000000705900000, 0x0000000705900000| Untracked 
|  28|0x0000000705a00000, 0x0000000705a00000, 0x0000000705b00000|  0%| F|  |TAMS 0x0000000705a00000, 0x0000000705a00000| Untracked 
|  29|0x0000000705b00000, 0x0000000705b00000, 0x0000000705c00000|  0%| F|  |TAMS 0x0000000705b00000, 0x0000000705b00000| Untracked 
|  30|0x0000000705c00000, 0x0000000705c00000, 0x0000000705d00000|  0%| F|  |TAMS 0x0000000705c00000, 0x0000000705c00000| Untracked 
|  31|0x0000000705d00000, 0x0000000705d00000, 0x0000000705e00000|  0%| F|  |TAMS 0x0000000705d00000, 0x0000000705d00000| Untracked 
|  32|0x0000000705e00000, 0x0000000705e00000, 0x0000000705f00000|  0%| F|  |TAMS 0x0000000705e00000, 0x0000000705e00000| Untracked 
|  33|0x0000000705f00000, 0x0000000705f00000, 0x0000000706000000|  0%| F|  |TAMS 0x0000000705f00000, 0x0000000705f00000| Untracked 
|  34|0x0000000706000000, 0x0000000706000000, 0x0000000706100000|  0%| F|  |TAMS 0x0000000706000000, 0x0000000706000000| Untracked 
|  35|0x0000000706100000, 0x0000000706100000, 0x0000000706200000|  0%| F|  |TAMS 0x0000000706100000, 0x0000000706100000| Untracked 
|  36|0x0000000706200000, 0x0000000706200000, 0x0000000706300000|  0%| F|  |TAMS 0x0000000706200000, 0x0000000706200000| Untracked 
|  37|0x0000000706300000, 0x0000000706300000, 0x0000000706400000|  0%| F|  |TAMS 0x0000000706300000, 0x0000000706300000| Untracked 
|  38|0x0000000706400000, 0x0000000706400000, 0x0000000706500000|  0%| F|  |TAMS 0x0000000706400000, 0x0000000706400000| Untracked 
|  39|0x0000000706500000, 0x0000000706500000, 0x0000000706600000|  0%| F|  |TAMS 0x0000000706500000, 0x0000000706500000| Untracked 
|  40|0x0000000706600000, 0x0000000706600000, 0x0000000706700000|  0%| F|  |TAMS 0x0000000706600000, 0x0000000706600000| Untracked 
|  41|0x0000000706700000, 0x0000000706700000, 0x0000000706800000|  0%| F|  |TAMS 0x0000000706700000, 0x0000000706700000| Untracked 
|  42|0x0000000706800000, 0x0000000706800000, 0x0000000706900000|  0%| F|  |TAMS 0x0000000706800000, 0x0000000706800000| Untracked 
|  43|0x0000000706900000, 0x0000000706900000, 0x0000000706a00000|  0%| F|  |TAMS 0x0000000706900000, 0x0000000706900000| Untracked 
|  44|0x0000000706a00000, 0x0000000706a00000, 0x0000000706b00000|  0%| F|  |TAMS 0x0000000706a00000, 0x0000000706a00000| Untracked 
|  45|0x0000000706b00000, 0x0000000706b00000, 0x0000000706c00000|  0%| F|  |TAMS 0x0000000706b00000, 0x0000000706b00000| Untracked 
|  46|0x0000000706c00000, 0x0000000706c00000, 0x0000000706d00000|  0%| F|  |TAMS 0x0000000706c00000, 0x0000000706c00000| Untracked 
|  47|0x0000000706d00000, 0x0000000706d00000, 0x0000000706e00000|  0%| F|  |TAMS 0x0000000706d00000, 0x0000000706d00000| Untracked 
|  48|0x0000000706e00000, 0x0000000706e00000, 0x0000000706f00000|  0%| F|  |TAMS 0x0000000706e00000, 0x0000000706e00000| Untracked 
|  49|0x0000000706f00000, 0x0000000706f00000, 0x0000000707000000|  0%| F|  |TAMS 0x0000000706f00000, 0x0000000706f00000| Untracked 
|  50|0x0000000707000000, 0x0000000707000000, 0x0000000707100000|  0%| F|  |TAMS 0x0000000707000000, 0x0000000707000000| Untracked 
|  51|0x0000000707100000, 0x0000000707100000, 0x0000000707200000|  0%| F|  |TAMS 0x0000000707100000, 0x0000000707100000| Untracked 
|  52|0x0000000707200000, 0x0000000707200000, 0x0000000707300000|  0%| F|  |TAMS 0x0000000707200000, 0x0000000707200000| Untracked 
|  53|0x0000000707300000, 0x0000000707300000, 0x0000000707400000|  0%| F|  |TAMS 0x0000000707300000, 0x0000000707300000| Untracked 
|  54|0x0000000707400000, 0x0000000707400000, 0x0000000707500000|  0%| F|  |TAMS 0x0000000707400000, 0x0000000707400000| Untracked 
|  55|0x0000000707500000, 0x0000000707500000, 0x0000000707600000|  0%| F|  |TAMS 0x0000000707500000, 0x0000000707500000| Untracked 
|  56|0x0000000707600000, 0x0000000707600000, 0x0000000707700000|  0%| F|  |TAMS 0x0000000707600000, 0x0000000707600000| Untracked 
|  57|0x0000000707700000, 0x0000000707700000, 0x0000000707800000|  0%| F|  |TAMS 0x0000000707700000, 0x0000000707700000| Untracked 
|  58|0x0000000707800000, 0x0000000707800000, 0x0000000707900000|  0%| F|  |TAMS 0x0000000707800000, 0x0000000707800000| Untracked 
|  59|0x0000000707900000, 0x0000000707900000, 0x0000000707a00000|  0%| F|  |TAMS 0x0000000707900000, 0x0000000707900000| Untracked 
|  60|0x0000000707a00000, 0x0000000707a00000, 0x0000000707b00000|  0%| F|  |TAMS 0x0000000707a00000, 0x0000000707a00000| Untracked 
|  61|0x0000000707b00000, 0x0000000707b00000, 0x0000000707c00000|  0%| F|  |TAMS 0x0000000707b00000, 0x0000000707b00000| Untracked 
|  62|0x0000000707c00000, 0x0000000707c00000, 0x0000000707d00000|  0%| F|  |TAMS 0x0000000707c00000, 0x0000000707c00000| Untracked 
|  63|0x0000000707d00000, 0x0000000707d00000, 0x0000000707e00000|  0%| F|  |TAMS 0x0000000707d00000, 0x0000000707d00000| Untracked 
|  64|0x0000000707e00000, 0x0000000707e00000, 0x0000000707f00000|  0%| F|  |TAMS 0x0000000707e00000, 0x0000000707e00000| Untracked 
|  65|0x0000000707f00000, 0x0000000707f00000, 0x0000000708000000|  0%| F|  |TAMS 0x0000000707f00000, 0x0000000707f00000| Untracked 
|  66|0x0000000708000000, 0x0000000708000000, 0x0000000708100000|  0%| F|  |TAMS 0x0000000708000000, 0x0000000708000000| Untracked 
|  67|0x0000000708100000, 0x0000000708100000, 0x0000000708200000|  0%| F|  |TAMS 0x0000000708100000, 0x0000000708100000| Untracked 
|  68|0x0000000708200000, 0x0000000708200000, 0x0000000708300000|  0%| F|  |TAMS 0x0000000708200000, 0x0000000708200000| Untracked 
|  69|0x0000000708300000, 0x0000000708300000, 0x0000000708400000|  0%| F|  |TAMS 0x0000000708300000, 0x0000000708300000| Untracked 
|  70|0x0000000708400000, 0x0000000708400000, 0x0000000708500000|  0%| F|  |TAMS 0x0000000708400000, 0x0000000708400000| Untracked 
|  71|0x0000000708500000, 0x0000000708500000, 0x0000000708600000|  0%| F|  |TAMS 0x0000000708500000, 0x0000000708500000| Untracked 
|  72|0x0000000708600000, 0x0000000708600000, 0x0000000708700000|  0%| F|  |TAMS 0x0000000708600000, 0x0000000708600000| Untracked 
|  73|0x0000000708700000, 0x0000000708700000, 0x0000000708800000|  0%| F|  |TAMS 0x0000000708700000, 0x0000000708700000| Untracked 
|  74|0x0000000708800000, 0x0000000708800000, 0x0000000708900000|  0%| F|  |TAMS 0x0000000708800000, 0x0000000708800000| Untracked 
|  75|0x0000000708900000, 0x0000000708900000, 0x0000000708a00000|  0%| F|  |TAMS 0x0000000708900000, 0x0000000708900000| Untracked 
|  76|0x0000000708a00000, 0x0000000708a00000, 0x0000000708b00000|  0%| F|  |TAMS 0x0000000708a00000, 0x0000000708a00000| Untracked 
|  77|0x0000000708b00000, 0x0000000708b00000, 0x0000000708c00000|  0%| F|  |TAMS 0x0000000708b00000, 0x0000000708b00000| Untracked 
|  78|0x0000000708c00000, 0x0000000708c00000, 0x0000000708d00000|  0%| F|  |TAMS 0x0000000708c00000, 0x0000000708c00000| Untracked 
|  79|0x0000000708d00000, 0x0000000708d00000, 0x0000000708e00000|  0%| F|  |TAMS 0x0000000708d00000, 0x0000000708d00000| Untracked 
|  80|0x0000000708e00000, 0x0000000708e00000, 0x0000000708f00000|  0%| F|  |TAMS 0x0000000708e00000, 0x0000000708e00000| Untracked 
|  81|0x0000000708f00000, 0x0000000708f00000, 0x0000000709000000|  0%| F|  |TAMS 0x0000000708f00000, 0x0000000708f00000| Untracked 
|  82|0x0000000709000000, 0x0000000709000000, 0x0000000709100000|  0%| F|  |TAMS 0x0000000709000000, 0x0000000709000000| Untracked 
|  83|0x0000000709100000, 0x0000000709100000, 0x0000000709200000|  0%| F|  |TAMS 0x0000000709100000, 0x0000000709100000| Untracked 
|  84|0x0000000709200000, 0x0000000709200000, 0x0000000709300000|  0%| F|  |TAMS 0x0000000709200000, 0x0000000709200000| Untracked 
|  85|0x0000000709300000, 0x0000000709300000, 0x0000000709400000|  0%| F|  |TAMS 0x0000000709300000, 0x0000000709300000| Untracked 
|  86|0x0000000709400000, 0x0000000709400000, 0x0000000709500000|  0%| F|  |TAMS 0x0000000709400000, 0x0000000709400000| Untracked 
|  87|0x0000000709500000, 0x0000000709500000, 0x0000000709600000|  0%| F|  |TAMS 0x0000000709500000, 0x0000000709500000| Untracked 
|  88|0x0000000709600000, 0x0000000709600000, 0x0000000709700000|  0%| F|  |TAMS 0x0000000709600000, 0x0000000709600000| Untracked 
|  89|0x0000000709700000, 0x0000000709700000, 0x0000000709800000|  0%| F|  |TAMS 0x0000000709700000, 0x0000000709700000| Untracked 
|  90|0x0000000709800000, 0x0000000709800000, 0x0000000709900000|  0%| F|  |TAMS 0x0000000709800000, 0x0000000709800000| Untracked 
|  91|0x0000000709900000, 0x0000000709900000, 0x0000000709a00000|  0%| F|  |TAMS 0x0000000709900000, 0x0000000709900000| Untracked 
|  92|0x0000000709a00000, 0x0000000709a00000, 0x0000000709b00000|  0%| F|  |TAMS 0x0000000709a00000, 0x0000000709a00000| Untracked 
|  93|0x0000000709b00000, 0x0000000709b00000, 0x0000000709c00000|  0%| F|  |TAMS 0x0000000709b00000, 0x0000000709b00000| Untracked 
|  94|0x0000000709c00000, 0x0000000709c00000, 0x0000000709d00000|  0%| F|  |TAMS 0x0000000709c00000, 0x0000000709c00000| Untracked 
|  95|0x0000000709d00000, 0x0000000709d00000, 0x0000000709e00000|  0%| F|  |TAMS 0x0000000709d00000, 0x0000000709d00000| Untracked 
|  96|0x0000000709e00000, 0x0000000709e00000, 0x0000000709f00000|  0%| F|  |TAMS 0x0000000709e00000, 0x0000000709e00000| Untracked 
|  97|0x0000000709f00000, 0x0000000709f00000, 0x000000070a000000|  0%| F|  |TAMS 0x0000000709f00000, 0x0000000709f00000| Untracked 
|  98|0x000000070a000000, 0x000000070a000000, 0x000000070a100000|  0%| F|  |TAMS 0x000000070a000000, 0x000000070a000000| Untracked 
|  99|0x000000070a100000, 0x000000070a100000, 0x000000070a200000|  0%| F|  |TAMS 0x000000070a100000, 0x000000070a100000| Untracked 
| 100|0x000000070a200000, 0x000000070a200000, 0x000000070a300000|  0%| F|  |TAMS 0x000000070a200000, 0x000000070a200000| Untracked 
| 101|0x000000070a300000, 0x000000070a300000, 0x000000070a400000|  0%| F|  |TAMS 0x000000070a300000, 0x000000070a300000| Untracked 
| 102|0x000000070a400000, 0x000000070a400000, 0x000000070a500000|  0%| F|  |TAMS 0x000000070a400000, 0x000000070a400000| Untracked 
| 103|0x000000070a500000, 0x000000070a500000, 0x000000070a600000|  0%| F|  |TAMS 0x000000070a500000, 0x000000070a500000| Untracked 
| 104|0x000000070a600000, 0x000000070a600000, 0x000000070a700000|  0%| F|  |TAMS 0x000000070a600000, 0x000000070a600000| Untracked 
| 105|0x000000070a700000, 0x000000070a700000, 0x000000070a800000|  0%| F|  |TAMS 0x000000070a700000, 0x000000070a700000| Untracked 
| 106|0x000000070a800000, 0x000000070a800000, 0x000000070a900000|  0%| F|  |TAMS 0x000000070a800000, 0x000000070a800000| Untracked 
| 107|0x000000070a900000, 0x000000070a900000, 0x000000070aa00000|  0%| F|  |TAMS 0x000000070a900000, 0x000000070a900000| Untracked 
| 108|0x000000070aa00000, 0x000000070aa00000, 0x000000070ab00000|  0%| F|  |TAMS 0x000000070aa00000, 0x000000070aa00000| Untracked 
| 109|0x000000070ab00000, 0x000000070ab00000, 0x000000070ac00000|  0%| F|  |TAMS 0x000000070ab00000, 0x000000070ab00000| Untracked 
| 110|0x000000070ac00000, 0x000000070ac00000, 0x000000070ad00000|  0%| F|  |TAMS 0x000000070ac00000, 0x000000070ac00000| Untracked 
| 111|0x000000070ad00000, 0x000000070ad00000, 0x000000070ae00000|  0%| F|  |TAMS 0x000000070ad00000, 0x000000070ad00000| Untracked 
| 112|0x000000070ae00000, 0x000000070ae00000, 0x000000070af00000|  0%| F|  |TAMS 0x000000070ae00000, 0x000000070ae00000| Untracked 
| 113|0x000000070af00000, 0x000000070af00000, 0x000000070b000000|  0%| F|  |TAMS 0x000000070af00000, 0x000000070af00000| Untracked 
| 114|0x000000070b000000, 0x000000070b000000, 0x000000070b100000|  0%| F|  |TAMS 0x000000070b000000, 0x000000070b000000| Untracked 
| 115|0x000000070b100000, 0x000000070b100000, 0x000000070b200000|  0%| F|  |TAMS 0x000000070b100000, 0x000000070b100000| Untracked 
| 116|0x000000070b200000, 0x000000070b200000, 0x000000070b300000|  0%| F|  |TAMS 0x000000070b200000, 0x000000070b200000| Untracked 
| 117|0x000000070b300000, 0x000000070b300000, 0x000000070b400000|  0%| F|  |TAMS 0x000000070b300000, 0x000000070b300000| Untracked 
| 118|0x000000070b400000, 0x000000070b400000, 0x000000070b500000|  0%| F|  |TAMS 0x000000070b400000, 0x000000070b400000| Untracked 
| 119|0x000000070b500000, 0x000000070b500000, 0x000000070b600000|  0%| F|  |TAMS 0x000000070b500000, 0x000000070b500000| Untracked 
| 120|0x000000070b600000, 0x000000070b600000, 0x000000070b700000|  0%| F|  |TAMS 0x000000070b600000, 0x000000070b600000| Untracked 
| 121|0x000000070b700000, 0x000000070b700000, 0x000000070b800000|  0%| F|  |TAMS 0x000000070b700000, 0x000000070b700000| Untracked 
| 122|0x000000070b800000, 0x000000070b800000, 0x000000070b900000|  0%| F|  |TAMS 0x000000070b800000, 0x000000070b800000| Untracked 
| 123|0x000000070b900000, 0x000000070b900000, 0x000000070ba00000|  0%| F|  |TAMS 0x000000070b900000, 0x000000070b900000| Untracked 
| 124|0x000000070ba00000, 0x000000070ba00000, 0x000000070bb00000|  0%| F|  |TAMS 0x000000070ba00000, 0x000000070ba00000| Untracked 
| 125|0x000000070bb00000, 0x000000070bb00000, 0x000000070bc00000|  0%| F|  |TAMS 0x000000070bb00000, 0x000000070bb00000| Untracked 
| 126|0x000000070bc00000, 0x000000070bc00000, 0x000000070bd00000|  0%| F|  |TAMS 0x000000070bc00000, 0x000000070bc00000| Untracked 
| 127|0x000000070bd00000, 0x000000070bd00000, 0x000000070be00000|  0%| F|  |TAMS 0x000000070bd00000, 0x000000070bd00000| Untracked 
| 128|0x000000070be00000, 0x000000070be00000, 0x000000070bf00000|  0%| F|  |TAMS 0x000000070be00000, 0x000000070be00000| Untracked 
| 129|0x000000070bf00000, 0x000000070bf00000, 0x000000070c000000|  0%| F|  |TAMS 0x000000070bf00000, 0x000000070bf00000| Untracked 
| 130|0x000000070c000000, 0x000000070c000000, 0x000000070c100000|  0%| F|  |TAMS 0x000000070c000000, 0x000000070c000000| Untracked 
| 131|0x000000070c100000, 0x000000070c100000, 0x000000070c200000|  0%| F|  |TAMS 0x000000070c100000, 0x000000070c100000| Untracked 
| 132|0x000000070c200000, 0x000000070c200000, 0x000000070c300000|  0%| F|  |TAMS 0x000000070c200000, 0x000000070c200000| Untracked 
| 133|0x000000070c300000, 0x000000070c300000, 0x000000070c400000|  0%| F|  |TAMS 0x000000070c300000, 0x000000070c300000| Untracked 
| 134|0x000000070c400000, 0x000000070c400000, 0x000000070c500000|  0%| F|  |TAMS 0x000000070c400000, 0x000000070c400000| Untracked 
| 135|0x000000070c500000, 0x000000070c500000, 0x000000070c600000|  0%| F|  |TAMS 0x000000070c500000, 0x000000070c500000| Untracked 
| 136|0x000000070c600000, 0x000000070c600000, 0x000000070c700000|  0%| F|  |TAMS 0x000000070c600000, 0x000000070c600000| Untracked 
| 137|0x000000070c700000, 0x000000070c700000, 0x000000070c800000|  0%| F|  |TAMS 0x000000070c700000, 0x000000070c700000| Untracked 
| 138|0x000000070c800000, 0x000000070c800000, 0x000000070c900000|  0%| F|  |TAMS 0x000000070c800000, 0x000000070c800000| Untracked 
| 139|0x000000070c900000, 0x000000070c900000, 0x000000070ca00000|  0%| F|  |TAMS 0x000000070c900000, 0x000000070c900000| Untracked 
| 140|0x000000070ca00000, 0x000000070ca00000, 0x000000070cb00000|  0%| F|  |TAMS 0x000000070ca00000, 0x000000070ca00000| Untracked 
| 141|0x000000070cb00000, 0x000000070cb00000, 0x000000070cc00000|  0%| F|  |TAMS 0x000000070cb00000, 0x000000070cb00000| Untracked 
| 142|0x000000070cc00000, 0x000000070cc00000, 0x000000070cd00000|  0%| F|  |TAMS 0x000000070cc00000, 0x000000070cc00000| Untracked 
| 143|0x000000070cd00000, 0x000000070cd00000, 0x000000070ce00000|  0%| F|  |TAMS 0x000000070cd00000, 0x000000070cd00000| Untracked 
| 144|0x000000070ce00000, 0x000000070ce00000, 0x000000070cf00000|  0%| F|  |TAMS 0x000000070ce00000, 0x000000070ce00000| Untracked 
| 145|0x000000070cf00000, 0x000000070cf00000, 0x000000070d000000|  0%| F|  |TAMS 0x000000070cf00000, 0x000000070cf00000| Untracked 
| 146|0x000000070d000000, 0x000000070d000000, 0x000000070d100000|  0%| F|  |TAMS 0x000000070d000000, 0x000000070d000000| Untracked 
| 147|0x000000070d100000, 0x000000070d100000, 0x000000070d200000|  0%| F|  |TAMS 0x000000070d100000, 0x000000070d100000| Untracked 
| 148|0x000000070d200000, 0x000000070d200000, 0x000000070d300000|  0%| F|  |TAMS 0x000000070d200000, 0x000000070d200000| Untracked 
| 149|0x000000070d300000, 0x000000070d300000, 0x000000070d400000|  0%| F|  |TAMS 0x000000070d300000, 0x000000070d300000| Untracked 
| 150|0x000000070d400000, 0x000000070d400000, 0x000000070d500000|  0%| F|  |TAMS 0x000000070d400000, 0x000000070d400000| Untracked 
| 151|0x000000070d500000, 0x000000070d500000, 0x000000070d600000|  0%| F|  |TAMS 0x000000070d500000, 0x000000070d500000| Untracked 
| 152|0x000000070d600000, 0x000000070d600000, 0x000000070d700000|  0%| F|  |TAMS 0x000000070d600000, 0x000000070d600000| Untracked 
| 153|0x000000070d700000, 0x000000070d700000, 0x000000070d800000|  0%| F|  |TAMS 0x000000070d700000, 0x000000070d700000| Untracked 
| 154|0x000000070d800000, 0x000000070d800000, 0x000000070d900000|  0%| F|  |TAMS 0x000000070d800000, 0x000000070d800000| Untracked 
| 155|0x000000070d900000, 0x000000070d900000, 0x000000070da00000|  0%| F|  |TAMS 0x000000070d900000, 0x000000070d900000| Untracked 
| 156|0x000000070da00000, 0x000000070da00000, 0x000000070db00000|  0%| F|  |TAMS 0x000000070da00000, 0x000000070da00000| Untracked 
| 157|0x000000070db00000, 0x000000070db00000, 0x000000070dc00000|  0%| F|  |TAMS 0x000000070db00000, 0x000000070db00000| Untracked 
| 158|0x000000070dc00000, 0x000000070dc00000, 0x000000070dd00000|  0%| F|  |TAMS 0x000000070dc00000, 0x000000070dc00000| Untracked 
| 159|0x000000070dd00000, 0x000000070dd00000, 0x000000070de00000|  0%| F|  |TAMS 0x000000070dd00000, 0x000000070dd00000| Untracked 
| 160|0x000000070de00000, 0x000000070de00000, 0x000000070df00000|  0%| F|  |TAMS 0x000000070de00000, 0x000000070de00000| Untracked 
| 161|0x000000070df00000, 0x000000070df00000, 0x000000070e000000|  0%| F|  |TAMS 0x000000070df00000, 0x000000070df00000| Untracked 
| 162|0x000000070e000000, 0x000000070e000000, 0x000000070e100000|  0%| F|  |TAMS 0x000000070e000000, 0x000000070e000000| Untracked 
| 163|0x000000070e100000, 0x000000070e100000, 0x000000070e200000|  0%| F|  |TAMS 0x000000070e100000, 0x000000070e100000| Untracked 
| 164|0x000000070e200000, 0x000000070e200000, 0x000000070e300000|  0%| F|  |TAMS 0x000000070e200000, 0x000000070e200000| Untracked 
| 165|0x000000070e300000, 0x000000070e300000, 0x000000070e400000|  0%| F|  |TAMS 0x000000070e300000, 0x000000070e300000| Untracked 
| 166|0x000000070e400000, 0x000000070e400000, 0x000000070e500000|  0%| F|  |TAMS 0x000000070e400000, 0x000000070e400000| Untracked 
| 167|0x000000070e500000, 0x000000070e500000, 0x000000070e600000|  0%| F|  |TAMS 0x000000070e500000, 0x000000070e500000| Untracked 
| 168|0x000000070e600000, 0x000000070e600000, 0x000000070e700000|  0%| F|  |TAMS 0x000000070e600000, 0x000000070e600000| Untracked 
| 169|0x000000070e700000, 0x000000070e700000, 0x000000070e800000|  0%| F|  |TAMS 0x000000070e700000, 0x000000070e700000| Untracked 
| 170|0x000000070e800000, 0x000000070e800000, 0x000000070e900000|  0%| F|  |TAMS 0x000000070e800000, 0x000000070e800000| Untracked 
| 171|0x000000070e900000, 0x000000070e900000, 0x000000070ea00000|  0%| F|  |TAMS 0x000000070e900000, 0x000000070e900000| Untracked 
| 172|0x000000070ea00000, 0x000000070ea00000, 0x000000070eb00000|  0%| F|  |TAMS 0x000000070ea00000, 0x000000070ea00000| Untracked 
| 173|0x000000070eb00000, 0x000000070eb00000, 0x000000070ec00000|  0%| F|  |TAMS 0x000000070eb00000, 0x000000070eb00000| Untracked 
| 174|0x000000070ec00000, 0x000000070ec00000, 0x000000070ed00000|  0%| F|  |TAMS 0x000000070ec00000, 0x000000070ec00000| Untracked 
| 175|0x000000070ed00000, 0x000000070ed00000, 0x000000070ee00000|  0%| F|  |TAMS 0x000000070ed00000, 0x000000070ed00000| Untracked 
| 176|0x000000070ee00000, 0x000000070ee00000, 0x000000070ef00000|  0%| F|  |TAMS 0x000000070ee00000, 0x000000070ee00000| Untracked 
| 177|0x000000070ef00000, 0x000000070ef00000, 0x000000070f000000|  0%| F|  |TAMS 0x000000070ef00000, 0x000000070ef00000| Untracked 
| 178|0x000000070f000000, 0x000000070f000000, 0x000000070f100000|  0%| F|  |TAMS 0x000000070f000000, 0x000000070f000000| Untracked 
| 179|0x000000070f100000, 0x000000070f100000, 0x000000070f200000|  0%| F|  |TAMS 0x000000070f100000, 0x000000070f100000| Untracked 
| 180|0x000000070f200000, 0x000000070f300000, 0x000000070f300000|100%| S|CS|TAMS 0x000000070f200000, 0x000000070f200000| Complete 
| 181|0x000000070f300000, 0x000000070f300000, 0x000000070f400000|  0%| F|  |TAMS 0x000000070f300000, 0x000000070f300000| Untracked 
| 182|0x000000070f400000, 0x000000070f400000, 0x000000070f500000|  0%| F|  |TAMS 0x000000070f400000, 0x000000070f400000| Untracked 
| 183|0x000000070f500000, 0x000000070f500000, 0x000000070f600000|  0%| F|  |TAMS 0x000000070f500000, 0x000000070f500000| Untracked 
| 184|0x000000070f600000, 0x000000070f600000, 0x000000070f700000|  0%| F|  |TAMS 0x000000070f600000, 0x000000070f600000| Untracked 
| 185|0x000000070f700000, 0x000000070f700000, 0x000000070f800000|  0%| F|  |TAMS 0x000000070f700000, 0x000000070f700000| Untracked 
| 186|0x000000070f800000, 0x000000070f800000, 0x000000070f900000|  0%| F|  |TAMS 0x000000070f800000, 0x000000070f800000| Untracked 
| 187|0x000000070f900000, 0x000000070fa00000, 0x000000070fa00000|100%| S|CS|TAMS 0x000000070f900000, 0x000000070f900000| Complete 
| 188|0x000000070fa00000, 0x000000070fb00000, 0x000000070fb00000|100%| S|CS|TAMS 0x000000070fa00000, 0x000000070fa00000| Complete 
| 189|0x000000070fb00000, 0x000000070fc00000, 0x000000070fc00000|100%| S|CS|TAMS 0x000000070fb00000, 0x000000070fb00000| Complete 
| 190|0x000000070fc00000, 0x000000070fd00000, 0x000000070fd00000|100%| S|CS|TAMS 0x000000070fc00000, 0x000000070fc00000| Complete 
| 191|0x000000070fd00000, 0x000000070fd00000, 0x000000070fe00000|  0%| F|  |TAMS 0x000000070fd00000, 0x000000070fd00000| Untracked 
| 192|0x000000070fe00000, 0x000000070fe00000, 0x000000070ff00000|  0%| F|  |TAMS 0x000000070fe00000, 0x000000070fe00000| Untracked 
| 193|0x000000070ff00000, 0x000000070ff00000, 0x0000000710000000|  0%| F|  |TAMS 0x000000070ff00000, 0x000000070ff00000| Untracked 
| 194|0x0000000710000000, 0x0000000710000000, 0x0000000710100000|  0%| F|  |TAMS 0x0000000710000000, 0x0000000710000000| Untracked 
| 195|0x0000000710100000, 0x0000000710100000, 0x0000000710200000|  0%| F|  |TAMS 0x0000000710100000, 0x0000000710100000| Untracked 
| 196|0x0000000710200000, 0x0000000710200000, 0x0000000710300000|  0%| F|  |TAMS 0x0000000710200000, 0x0000000710200000| Untracked 
| 197|0x0000000710300000, 0x0000000710300000, 0x0000000710400000|  0%| F|  |TAMS 0x0000000710300000, 0x0000000710300000| Untracked 
| 198|0x0000000710400000, 0x0000000710400000, 0x0000000710500000|  0%| F|  |TAMS 0x0000000710400000, 0x0000000710400000| Untracked 
| 199|0x0000000710500000, 0x0000000710500000, 0x0000000710600000|  0%| F|  |TAMS 0x0000000710500000, 0x0000000710500000| Untracked 
| 200|0x0000000710600000, 0x0000000710600000, 0x0000000710700000|  0%| F|  |TAMS 0x0000000710600000, 0x0000000710600000| Untracked 
| 201|0x0000000710700000, 0x0000000710700000, 0x0000000710800000|  0%| F|  |TAMS 0x0000000710700000, 0x0000000710700000| Untracked 
| 202|0x0000000710800000, 0x0000000710800000, 0x0000000710900000|  0%| F|  |TAMS 0x0000000710800000, 0x0000000710800000| Untracked 
| 203|0x0000000710900000, 0x0000000710a00000, 0x0000000710a00000|100%| E|  |TAMS 0x0000000710900000, 0x0000000710900000| Complete 
| 204|0x0000000710a00000, 0x0000000710b00000, 0x0000000710b00000|100%| E|CS|TAMS 0x0000000710a00000, 0x0000000710a00000| Complete 
| 205|0x0000000710b00000, 0x0000000710c00000, 0x0000000710c00000|100%| E|CS|TAMS 0x0000000710b00000, 0x0000000710b00000| Complete 
| 206|0x0000000710c00000, 0x0000000710d00000, 0x0000000710d00000|100%| E|CS|TAMS 0x0000000710c00000, 0x0000000710c00000| Complete 
| 207|0x0000000710d00000, 0x0000000710e00000, 0x0000000710e00000|100%| E|CS|TAMS 0x0000000710d00000, 0x0000000710d00000| Complete 
| 208|0x0000000710e00000, 0x0000000710f00000, 0x0000000710f00000|100%| E|CS|TAMS 0x0000000710e00000, 0x0000000710e00000| Complete 
| 209|0x0000000710f00000, 0x0000000711000000, 0x0000000711000000|100%| E|CS|TAMS 0x0000000710f00000, 0x0000000710f00000| Complete 
| 210|0x0000000711000000, 0x0000000711100000, 0x0000000711100000|100%| E|CS|TAMS 0x0000000711000000, 0x0000000711000000| Complete 
| 211|0x0000000711100000, 0x0000000711200000, 0x0000000711200000|100%| E|CS|TAMS 0x0000000711100000, 0x0000000711100000| Complete 
| 212|0x0000000711200000, 0x0000000711300000, 0x0000000711300000|100%| E|CS|TAMS 0x0000000711200000, 0x0000000711200000| Complete 
| 213|0x0000000711300000, 0x0000000711400000, 0x0000000711400000|100%| E|CS|TAMS 0x0000000711300000, 0x0000000711300000| Complete 
| 214|0x0000000711400000, 0x0000000711500000, 0x0000000711500000|100%| E|CS|TAMS 0x0000000711400000, 0x0000000711400000| Complete 
| 215|0x0000000711500000, 0x0000000711600000, 0x0000000711600000|100%| E|CS|TAMS 0x0000000711500000, 0x0000000711500000| Complete 
| 216|0x0000000711600000, 0x0000000711700000, 0x0000000711700000|100%| E|CS|TAMS 0x0000000711600000, 0x0000000711600000| Complete 
| 217|0x0000000711700000, 0x0000000711800000, 0x0000000711800000|100%| E|CS|TAMS 0x0000000711700000, 0x0000000711700000| Complete 
| 218|0x0000000711800000, 0x0000000711900000, 0x0000000711900000|100%| E|CS|TAMS 0x0000000711800000, 0x0000000711800000| Complete 
| 219|0x0000000711900000, 0x0000000711a00000, 0x0000000711a00000|100%| E|CS|TAMS 0x0000000711900000, 0x0000000711900000| Complete 
| 220|0x0000000711a00000, 0x0000000711b00000, 0x0000000711b00000|100%| E|CS|TAMS 0x0000000711a00000, 0x0000000711a00000| Complete 
| 221|0x0000000711b00000, 0x0000000711c00000, 0x0000000711c00000|100%| E|CS|TAMS 0x0000000711b00000, 0x0000000711b00000| Complete 
| 222|0x0000000711c00000, 0x0000000711d00000, 0x0000000711d00000|100%| E|CS|TAMS 0x0000000711c00000, 0x0000000711c00000| Complete 
| 223|0x0000000711d00000, 0x0000000711e00000, 0x0000000711e00000|100%| E|CS|TAMS 0x0000000711d00000, 0x0000000711d00000| Complete 
| 224|0x0000000711e00000, 0x0000000711f00000, 0x0000000711f00000|100%| E|CS|TAMS 0x0000000711e00000, 0x0000000711e00000| Complete 
| 225|0x0000000711f00000, 0x0000000712000000, 0x0000000712000000|100%| E|CS|TAMS 0x0000000711f00000, 0x0000000711f00000| Complete 
| 226|0x0000000712000000, 0x0000000712100000, 0x0000000712100000|100%| E|CS|TAMS 0x0000000712000000, 0x0000000712000000| Complete 
| 227|0x0000000712100000, 0x0000000712200000, 0x0000000712200000|100%| E|CS|TAMS 0x0000000712100000, 0x0000000712100000| Complete 
| 228|0x0000000712200000, 0x0000000712300000, 0x0000000712300000|100%| E|CS|TAMS 0x0000000712200000, 0x0000000712200000| Complete 
| 229|0x0000000712300000, 0x0000000712400000, 0x0000000712400000|100%| E|CS|TAMS 0x0000000712300000, 0x0000000712300000| Complete 
| 230|0x0000000712400000, 0x0000000712500000, 0x0000000712500000|100%| E|CS|TAMS 0x0000000712400000, 0x0000000712400000| Complete 
| 231|0x0000000712500000, 0x0000000712600000, 0x0000000712600000|100%| E|CS|TAMS 0x0000000712500000, 0x0000000712500000| Complete 
| 232|0x0000000712600000, 0x0000000712700000, 0x0000000712700000|100%| E|CS|TAMS 0x0000000712600000, 0x0000000712600000| Complete 
| 233|0x0000000712700000, 0x0000000712800000, 0x0000000712800000|100%| E|CS|TAMS 0x0000000712700000, 0x0000000712700000| Complete 
| 234|0x0000000712800000, 0x0000000712900000, 0x0000000712900000|100%| E|CS|TAMS 0x0000000712800000, 0x0000000712800000| Complete 
| 235|0x0000000712900000, 0x0000000712a00000, 0x0000000712a00000|100%| E|CS|TAMS 0x0000000712900000, 0x0000000712900000| Complete 
| 236|0x0000000712a00000, 0x0000000712b00000, 0x0000000712b00000|100%| E|CS|TAMS 0x0000000712a00000, 0x0000000712a00000| Complete 
| 237|0x0000000712b00000, 0x0000000712c00000, 0x0000000712c00000|100%| E|CS|TAMS 0x0000000712b00000, 0x0000000712b00000| Complete 
| 238|0x0000000712c00000, 0x0000000712d00000, 0x0000000712d00000|100%| E|CS|TAMS 0x0000000712c00000, 0x0000000712c00000| Complete 
| 239|0x0000000712d00000, 0x0000000712e00000, 0x0000000712e00000|100%| E|CS|TAMS 0x0000000712d00000, 0x0000000712d00000| Complete 
| 240|0x0000000712e00000, 0x0000000712f00000, 0x0000000712f00000|100%| E|CS|TAMS 0x0000000712e00000, 0x0000000712e00000| Complete 
| 241|0x0000000712f00000, 0x0000000713000000, 0x0000000713000000|100%| E|CS|TAMS 0x0000000712f00000, 0x0000000712f00000| Complete 
| 242|0x0000000713000000, 0x0000000713100000, 0x0000000713100000|100%| E|CS|TAMS 0x0000000713000000, 0x0000000713000000| Complete 
| 243|0x0000000713100000, 0x0000000713200000, 0x0000000713200000|100%| E|CS|TAMS 0x0000000713100000, 0x0000000713100000| Complete 
| 244|0x0000000713200000, 0x0000000713300000, 0x0000000713300000|100%| E|CS|TAMS 0x0000000713200000, 0x0000000713200000| Complete 
| 245|0x0000000713300000, 0x0000000713400000, 0x0000000713400000|100%| E|CS|TAMS 0x0000000713300000, 0x0000000713300000| Complete 
| 246|0x0000000713400000, 0x0000000713500000, 0x0000000713500000|100%| E|CS|TAMS 0x0000000713400000, 0x0000000713400000| Complete 
| 247|0x0000000713500000, 0x0000000713600000, 0x0000000713600000|100%| E|CS|TAMS 0x0000000713500000, 0x0000000713500000| Complete 
| 248|0x0000000713600000, 0x0000000713700000, 0x0000000713700000|100%| E|CS|TAMS 0x0000000713600000, 0x0000000713600000| Complete 
| 249|0x0000000713700000, 0x0000000713800000, 0x0000000713800000|100%| E|CS|TAMS 0x0000000713700000, 0x0000000713700000| Complete 
| 250|0x0000000713800000, 0x0000000713900000, 0x0000000713900000|100%| E|CS|TAMS 0x0000000713800000, 0x0000000713800000| Complete 
| 251|0x0000000713900000, 0x0000000713a00000, 0x0000000713a00000|100%| E|CS|TAMS 0x0000000713900000, 0x0000000713900000| Complete 
| 252|0x0000000713a00000, 0x0000000713b00000, 0x0000000713b00000|100%| E|CS|TAMS 0x0000000713a00000, 0x0000000713a00000| Complete 
| 253|0x0000000713b00000, 0x0000000713c00000, 0x0000000713c00000|100%| E|CS|TAMS 0x0000000713b00000, 0x0000000713b00000| Complete 

Card table byte_map: [0x000002c1dc960000,0x000002c1dd150000] _byte_map_base: 0x000002c1d9141000

Marking Bits (Prev, Next): (CMBitMap*) 0x000002c1c4b9ae98, (CMBitMap*) 0x000002c1c4b9aed0
 Prev Bits: [0x000002c1dd940000, 0x000002c1e1848000)
 Next Bits: [0x000002c1e1850000, 0x000002c1e5758000)

Polling page: 0x000002c1c4310000

Metaspace:

Usage:
  Non-class:     26.59 MB capacity,    26.17 MB ( 98%) used,   345.49 KB (  1%) free+waste,    86.56 KB ( <1%) overhead. 
      Class:      3.63 MB capacity,     3.35 MB ( 92%) used,   242.51 KB (  7%) free+waste,    41.06 KB (  1%) overhead. 
       Both:     30.22 MB capacity,    29.53 MB ( 98%) used,   588.00 KB (  2%) free+waste,   127.63 KB ( <1%) overhead. 

Virtual space:
  Non-class space:       28.00 MB reserved,      26.75 MB ( 96%) committed 
      Class space:        1.00 GB reserved,       3.75 MB ( <1%) committed 
             Both:        1.03 GB reserved,      30.50 MB (  3%) committed 

Chunk freelists:
   Non-Class:  3.88 KB
       Class:  3.38 KB
        Both:  7.25 KB

CodeHeap 'non-profiled nmethods': size=120000Kb used=1672Kb max_used=1672Kb free=118327Kb
 bounds [0x000002c1d4910000, 0x000002c1d4b80000, 0x000002c1dbe40000]
CodeHeap 'profiled nmethods': size=120000Kb used=7009Kb max_used=7009Kb free=112990Kb
 bounds [0x000002c1cd3e0000, 0x000002c1cdac0000, 0x000002c1d4910000]
CodeHeap 'non-nmethods': size=5760Kb used=1134Kb max_used=1185Kb free=4625Kb
 bounds [0x000002c1cce40000, 0x000002c1cd0b0000, 0x000002c1cd3e0000]
 total_blobs=4477 nmethods=3021 adapters=356
 compilation: enabled
              stopped_count=0, restarted_count=0
 full_count=0

Compilation events (10 events):
Event: 7.468 Thread 0x000002c1e8ba3800 3212       3       org.springframework.core.annotation.TypeMappedAnnotations$IsPresent::doWithAnnotations (183 bytes)
Event: 7.469 Thread 0x000002c1e8ba3800 nmethod 3212 0x000002c1cdaabc90 code [0x000002c1cdaabfc0, 0x000002c1cdaad3c0]
Event: 7.469 Thread 0x000002c1e8ba3800 3211       3       org.springframework.core.annotation.TypeMappedAnnotations$IsPresent::doWithAnnotations (10 bytes)
Event: 7.469 Thread 0x000002c1e8ba3800 nmethod 3211 0x000002c1cdaadb90 code [0x000002c1cdaadd40, 0x000002c1cdaaded0]
Event: 7.469 Thread 0x000002c1e8ba3800 3214       3       org.springframework.core.annotation.AnnotationsProcessor::finish (2 bytes)
Event: 7.469 Thread 0x000002c1e8ba3800 nmethod 3214 0x000002c1cdaadf90 code [0x000002c1cdaae140, 0x000002c1cdaae298]
Event: 7.469 Thread 0x000002c1e8ba3800 3213       3       org.springframework.core.annotation.AnnotationTypeMapping::getMappedAnnotationValue (52 bytes)
Event: 7.470 Thread 0x000002c1e8ba3800 nmethod 3213 0x000002c1cdaae310 code [0x000002c1cdaae580, 0x000002c1cdaaeea0]
Event: 7.470 Thread 0x000002c1e8ba3800 3215       3       org.springframework.core.annotation.AnnotationsScanner::processClass (113 bytes)
Event: 7.471 Thread 0x000002c1e8ba3800 nmethod 3215 0x000002c1cdaaf310 code [0x000002c1cdaaf600, 0x000002c1cdab0610]

GC Heap History (6 events):
Event: 3.811 GC heap before
{Heap before GC invocations=0 (full 0):
 garbage-first heap   total 260096K, used 24576K [0x0000000703e00000, 0x0000000800000000)
  region size 1024K, 24 young (24576K), 0 survivors (0K)
 Metaspace       used 9199K, capacity 9321K, committed 9344K, reserved 1058816K
  class space    used 833K, capacity 875K, committed 896K, reserved 1048576K
}
Event: 3.815 GC heap after
{Heap after GC invocations=1 (full 0):
 garbage-first heap   total 260096K, used 6344K [0x0000000703e00000, 0x0000000800000000)
  region size 1024K, 3 young (3072K), 3 survivors (3072K)
 Metaspace       used 9199K, capacity 9321K, committed 9344K, reserved 1058816K
  class space    used 833K, capacity 875K, committed 896K, reserved 1048576K
}
Event: 4.994 GC heap before
{Heap before GC invocations=1 (full 0):
 garbage-first heap   total 260096K, used 70856K [0x0000000703e00000, 0x0000000800000000)
  region size 1024K, 67 young (68608K), 3 survivors (3072K)
 Metaspace       used 20624K, capacity 21128K, committed 21248K, reserved 1069056K
  class space    used 2222K, capacity 2450K, committed 2560K, reserved 1048576K
}
Event: 5.000 GC heap after
{Heap after GC invocations=2 (full 0):
 garbage-first heap   total 260096K, used 8438K [0x0000000703e00000, 0x0000000800000000)
  region size 1024K, 6 young (6144K), 6 survivors (6144K)
 Metaspace       used 20624K, capacity 21128K, committed 21248K, reserved 1069056K
  class space    used 2222K, capacity 2450K, committed 2560K, reserved 1048576K
}
Event: 6.521 GC heap before
{Heap before GC invocations=3 (full 0):
 garbage-first heap   total 260096K, used 71926K [0x0000000703e00000, 0x0000000800000000)
  region size 1024K, 69 young (70656K), 6 survivors (6144K)
 Metaspace       used 27051K, capacity 27701K, committed 27904K, reserved 1073152K
  class space    used 2999K, capacity 3248K, committed 3328K, reserved 1048576K
}
Event: 6.531 GC heap after
{Heap after GC invocations=4 (full 0):
 garbage-first heap   total 260096K, used 11181K [0x0000000703e00000, 0x0000000800000000)
  region size 1024K, 5 young (5120K), 5 survivors (5120K)
 Metaspace       used 27051K, capacity 27701K, committed 27904K, reserved 1073152K
  class space    used 2999K, capacity 3248K, committed 3328K, reserved 1048576K
}

Deoptimization events (10 events):
Event: 6.668 Thread 0x000002c1c4b36800 Uncommon trap: reason=unstable_if action=reinterpret pc=0x000002c1d4a23818 method=jdk.internal.jimage.ImageLocation.verify(Ljava/lang/String;Ljava/lang/String;[JLjdk/internal/jimage/ImageStrings;)Z @ 18 c2
Event: 6.750 Thread 0x000002c1c4b36800 Uncommon trap: reason=unstable_if action=reinterpret pc=0x000002c1d49de378 method=java.util.Properties$LineReader.readLine()I @ 206 c2
Event: 6.966 Thread 0x000002c1c4b36800 Uncommon trap: reason=unstable_if action=reinterpret pc=0x000002c1d4a1e4bc method=java.util.Arrays.equals([Ljava/lang/Object;[Ljava/lang/Object;)Z @ 44 c2
Event: 7.284 Thread 0x000002c1c4b36800 Uncommon trap: reason=unstable_if action=reinterpret pc=0x000002c1d4a8d290 method=org.springframework.core.ResolvableType$1.isAssignableFrom(Ljava/lang/Class;)Z @ 15 c2
Event: 7.308 Thread 0x000002c1c4b36800 Uncommon trap: reason=unstable_if action=reinterpret pc=0x000002c1d4a855d0 method=org.springframework.core.ResolvableType$1.isAssignableFrom(Ljava/lang/Class;)Z @ 15 c2
Event: 7.316 Thread 0x000002c1c4b36800 Uncommon trap: reason=unstable_if action=reinterpret pc=0x000002c1d4a70148 method=org.springframework.beans.factory.support.AbstractBeanFactory.isFactoryBean(Ljava/lang/String;Lorg/springframework/beans/factory/support/RootBeanDefinition;)Z @ 38 c2
Event: 7.330 Thread 0x000002c1c4b36800 Uncommon trap: reason=null_check action=make_not_entrant pc=0x000002c1d4a9dcec method=java.lang.Class.isAnnotation()Z @ 1 c2
Event: 7.339 Thread 0x000002c1c4b36800 Uncommon trap: reason=unstable_if action=reinterpret pc=0x000002c1d4a9f440 method=org.springframework.core.annotation.TypeMappedAnnotation.adaptForAttribute(Ljava/lang/reflect/Method;Ljava/lang/Object;)Ljava/lang/Object; @ 78 c2
Event: 7.398 Thread 0x000002c1c4b36800 Uncommon trap: reason=unstable_if action=reinterpret pc=0x000002c1d4aa7abc method=sun.reflect.annotation.AnnotationParser.parseArray(Ljava/lang/Class;Ljava/nio/ByteBuffer;Ljdk/internal/reflect/ConstantPool;Ljava/lang/Class;)Ljava/lang/Object; @ 179 c2
Event: 7.415 Thread 0x000002c1c4b36800 Uncommon trap: reason=unstable_if action=reinterpret pc=0x000002c1d492458c method=java.util.jar.Manifest$FastInputStream.readLine([BII)I @ 130 c2

Classes redefined (0 events):
No events

Internal exceptions (10 events):
Event: 5.703 Thread 0x000002c1c4b36800 Exception <a 'java/lang/ClassNotFoundException'{0x00000007124839b0}: org/springframework/beans/factory/AwareCustomizer> (0x00000007124839b0) thrown at [t:/workspace/open/src/hotspot/share/classfile/systemDictionary.cpp, line 231]
Event: 5.704 Thread 0x000002c1c4b36800 Exception <a 'java/lang/ClassNotFoundException'{0x00000007124971a8}: org/springframework/beans/factory/BeanClassLoaderAwareCustomizer> (0x00000007124971a8) thrown at [t:/workspace/open/src/hotspot/share/classfile/systemDictionary.cpp, line 231]
Event: 5.705 Thread 0x000002c1c4b36800 Exception <a 'java/lang/ClassNotFoundException'{0x00000007124a92d8}: org/springframework/beans/factory/AwareCustomizer> (0x00000007124a92d8) thrown at [t:/workspace/open/src/hotspot/share/classfile/systemDictionary.cpp, line 231]
Event: 5.705 Thread 0x000002c1c4b36800 Exception <a 'java/lang/ClassNotFoundException'{0x00000007124bb410}: org/springframework/context/EnvironmentAwareCustomizer> (0x00000007124bb410) thrown at [t:/workspace/open/src/hotspot/share/classfile/systemDictionary.cpp, line 231]
Event: 5.706 Thread 0x000002c1c4b36800 Exception <a 'java/lang/ClassNotFoundException'{0x00000007124cd738}: org/springframework/beans/factory/AwareCustomizer> (0x00000007124cd738) thrown at [t:/workspace/open/src/hotspot/share/classfile/systemDictionary.cpp, line 231]
Event: 5.750 Thread 0x000002c1c4b36800 Exception <a 'java/lang/NoSuchMethodError'{0x000000071229b7e8}: java.lang.invoke.DirectMethodHandle$Holder.invokeVirtual(Ljava/lang/Object;Ljava/lang/Object;Ljava/lang/Object;)Ljava/lang/Object;> (0x000000071229b7e8) thrown at [t:/workspace/open/src/hotsp
Event: 5.978 Thread 0x000002c1ea7a9800 Exception <a 'java/lang/NoClassDefFoundError'{0x0000000711520690}: org/glassfish/jersey/server/monitoring/ApplicationEventListener> (0x0000000711520690) thrown at [t:/workspace/open/src/hotspot/share/classfile/systemDictionary.cpp, line 220]
Event: 6.014 Thread 0x000002c1c4b36800 Exception <a 'java/lang/IncompatibleClassChangeError'{0x000000071124e018}: Found class java.lang.Object, but interface was expected> (0x000000071124e018) thrown at [t:/workspace/open/src/hotspot/share/interpreter/linkResolver.cpp, line 856]
Event: 6.093 Thread 0x000002c1c4b36800 Exception <a 'java/lang/NoSuchMethodError'{0x0000000710e77608}: java.lang.invoke.DirectMethodHandle$Holder.invokeInterface(Ljava/lang/Object;Ljava/lang/Object;Ljava/lang/Object;Ljava/lang/Object;)V> (0x0000000710e77608) thrown at [t:/workspace/open/src/ho
Event: 7.330 Thread 0x000002c1c4b36800 Implicit null exception at 0x000002c1d4a9d086 to 0x000002c1d4a9dcd2

Events (10 events):
Event: 7.470 loading class org/springframework/boot/actuate/autoconfigure/health/HealthProperties$Show
Event: 7.470 loading class org/springframework/boot/actuate/autoconfigure/health/HealthProperties$Show done
Event: 7.470 loading class org/springframework/boot/autoconfigure/info/ProjectInfoProperties$Build
Event: 7.470 loading class org/springframework/boot/autoconfigure/info/ProjectInfoProperties$Build done
Event: 7.470 loading class org/springframework/boot/autoconfigure/info/ProjectInfoProperties$Git
Event: 7.470 loading class org/springframework/boot/autoconfigure/info/ProjectInfoProperties$Git done
Event: 7.471 loading class org/springframework/boot/actuate/autoconfigure/info/InfoContributorProperties$Git
Event: 7.471 loading class org/springframework/boot/actuate/autoconfigure/info/InfoContributorProperties$Git done
Event: 7.471 loading class org/springframework/boot/actuate/autoconfigure/endpoint/web/WebEndpointProperties$Discovery
Event: 7.471 loading class org/springframework/boot/actuate/autoconfigure/endpoint/web/WebEndpointProperties$Discovery done


Dynamic libraries:
0x00007ff7fba50000 - 0x00007ff7fba95000 	C:\.Net & Java Software\Open JKD -11\bin\javaw.exe
0x00007ffacd2c0000 - 0x00007ffacd4c9000 	C:\WINDOWS\SYSTEM32\ntdll.dll
0x00007ffacc000000 - 0x00007ffacc0be000 	C:\WINDOWS\System32\KERNEL32.DLL
0x00007ffacaab0000 - 0x00007ffacae2b000 	C:\WINDOWS\System32\KERNELBASE.dll
0x00007ffaccc20000 - 0x00007ffaccdcd000 	C:\WINDOWS\System32\USER32.dll
0x00007ffacaff0000 - 0x00007ffacb016000 	C:\WINDOWS\System32\win32u.dll
0x00007ffacd1e0000 - 0x00007ffacd209000 	C:\WINDOWS\System32\GDI32.dll
0x00007ffacaed0000 - 0x00007ffacafe8000 	C:\WINDOWS\System32\gdi32full.dll
0x00007ffacae30000 - 0x00007ffacaecd000 	C:\WINDOWS\System32\msvcp_win.dll
0x00007ffacb020000 - 0x00007ffacb131000 	C:\WINDOWS\System32\ucrtbase.dll
0x00007ffaad680000 - 0x00007ffaad925000 	C:\WINDOWS\WinSxS\amd64_microsoft.windows.common-controls_6595b64144ccf1df_6.0.22000.120_none_9d947278b86cc467\COMCTL32.dll
0x00007ffacc0c0000 - 0x00007ffacc163000 	C:\WINDOWS\System32\msvcrt.dll
0x00007ffacb220000 - 0x00007ffacb252000 	C:\WINDOWS\System32\IMM32.DLL
0x00007ffabf0a0000 - 0x00007ffabf0b6000 	C:\.Net & Java Software\Open JKD -11\bin\vcruntime140.dll
0x00007ffaa7080000 - 0x00007ffaa712a000 	C:\.Net & Java Software\Open JKD -11\bin\msvcp140.dll
0x00007ffa8a990000 - 0x00007ffa8b4d1000 	C:\.Net & Java Software\Open JKD -11\bin\server\jvm.dll
0x00007ffacb170000 - 0x00007ffacb21e000 	C:\WINDOWS\System32\ADVAPI32.dll
0x00007ffaccb80000 - 0x00007ffaccc1e000 	C:\WINDOWS\System32\sechost.dll
0x00007ffacb260000 - 0x00007ffacb380000 	C:\WINDOWS\System32\RPCRT4.dll
0x00007ffacb140000 - 0x00007ffacb148000 	C:\WINDOWS\System32\PSAPI.DLL
0x00007ffac22e0000 - 0x00007ffac2313000 	C:\WINDOWS\SYSTEM32\WINMM.dll
0x00007ffabf650000 - 0x00007ffabf65a000 	C:\WINDOWS\SYSTEM32\VERSION.dll
0x00007ffabc940000 - 0x00007ffabc949000 	C:\WINDOWS\SYSTEM32\WSOCK32.dll
0x00007ffacd210000 - 0x00007ffacd27f000 	C:\WINDOWS\System32\WS2_32.dll
0x00007ffac96f0000 - 0x00007ffac9708000 	C:\WINDOWS\SYSTEM32\kernel.appcore.dll
0x00007ffabf080000 - 0x00007ffabf091000 	C:\.Net & Java Software\Open JKD -11\bin\verify.dll
0x00007ffac4460000 - 0x00007ffac4681000 	C:\WINDOWS\SYSTEM32\DBGHELP.DLL
0x00007ffabf7e0000 - 0x00007ffabf811000 	C:\WINDOWS\SYSTEM32\dbgcore.DLL
0x00007ffaca790000 - 0x00007ffaca80f000 	C:\WINDOWS\System32\bcryptPrimitives.dll
0x00007ffabed80000 - 0x00007ffabeda8000 	C:\.Net & Java Software\Open JKD -11\bin\java.dll
0x00007ffabf060000 - 0x00007ffabf076000 	C:\.Net & Java Software\Open JKD -11\bin\zip.dll
0x00007ffac1aa0000 - 0x00007ffac1aaa000 	C:\.Net & Java Software\Open JKD -11\bin\jimage.dll
0x00007ffacc310000 - 0x00007ffaccac8000 	C:\WINDOWS\System32\SHELL32.dll
0x00007ffac8730000 - 0x00007ffac8f95000 	C:\WINDOWS\SYSTEM32\windows.storage.dll
0x00007ffacb380000 - 0x00007ffacb6f8000 	C:\WINDOWS\System32\combase.dll
0x00007ffac85c0000 - 0x00007ffac8726000 	C:\WINDOWS\SYSTEM32\wintypes.dll
0x00007ffacd070000 - 0x00007ffacd15a000 	C:\WINDOWS\System32\SHCORE.dll
0x00007ffaccef0000 - 0x00007ffaccf4d000 	C:\WINDOWS\System32\shlwapi.dll
0x00007ffaca6c0000 - 0x00007ffaca6e1000 	C:\WINDOWS\SYSTEM32\profapi.dll
0x00007ffabeb90000 - 0x00007ffabeba9000 	C:\.Net & Java Software\Open JKD -11\bin\net.dll
0x00007ffac9710000 - 0x00007ffac9824000 	C:\WINDOWS\SYSTEM32\WINHTTP.dll
0x00007ffac9cb0000 - 0x00007ffac9d17000 	C:\WINDOWS\system32\mswsock.dll
0x00007ffabeab0000 - 0x00007ffabeac3000 	C:\.Net & Java Software\Open JKD -11\bin\nio.dll
0x00007ffac9220000 - 0x00007ffac924d000 	C:\WINDOWS\SYSTEM32\IPHLPAPI.DLL
0x00007ffaccb70000 - 0x00007ffaccb79000 	C:\WINDOWS\System32\NSI.dll
0x00007ffac2ae0000 - 0x00007ffac2af9000 	C:\WINDOWS\SYSTEM32\dhcpcsvc6.DLL
0x00007ffac2980000 - 0x00007ffac299e000 	C:\WINDOWS\SYSTEM32\dhcpcsvc.DLL
0x00007ffac9250000 - 0x00007ffac9338000 	C:\WINDOWS\SYSTEM32\DNSAPI.dll
0x00007ffac04a0000 - 0x00007ffac04aa000 	C:\Windows\System32\rasadhlp.dll
0x00007ffac2da0000 - 0x00007ffac2e21000 	C:\WINDOWS\System32\fwpuclnt.dll
0x00007ffac0b80000 - 0x00007ffac0b89000 	C:\.Net & Java Software\Open JKD -11\bin\management.dll
0x00007ffabf620000 - 0x00007ffabf62c000 	C:\.Net & Java Software\Open JKD -11\bin\management_ext.dll
0x00007ffaa91e0000 - 0x00007ffaa91f7000 	C:\WINDOWS\system32\napinsp.dll
0x00007ffaa9150000 - 0x00007ffaa916b000 	C:\WINDOWS\system32\pnrpnsp.dll
0x00007ffaa9030000 - 0x00007ffaa9042000 	C:\WINDOWS\System32\winrnr.dll
0x00007ffaa9010000 - 0x00007ffaa9025000 	C:\WINDOWS\system32\wshbth.dll
0x00007ffaa8ff0000 - 0x00007ffaa900f000 	C:\WINDOWS\system32\nlansp_c.dll

dbghelp: loaded successfully - version: 4.0.5 - missing functions: none
symbol engine: initialized successfully - sym options: 0x614 - pdb path: .;C:\.Net & Java Software\Open JKD -11\bin;C:\WINDOWS\SYSTEM32;C:\WINDOWS\WinSxS\amd64_microsoft.windows.common-controls_6595b64144ccf1df_6.0.22000.120_none_9d947278b86cc467;C:\.Net & Java Software\Open JKD -11\bin\server

VM Arguments:
jvm_args: -Dfile.encoding=UTF-8 
java_command: com.eureka.e_server.EServerApplication
java_class_path (initial): C:\Users\md-alfahadansari\Downloads\e_server\e_server\target\classes;C:\Users\md-alfahadansari\.m2\repository\org\springframework\cloud\spring-cloud-starter-netflix-eureka-server\3.1.4\spring-cloud-starter-netflix-eureka-server-3.1.4.jar;C:\Users\md-alfahadansari\.m2\repository\org\springframework\cloud\spring-cloud-starter\3.1.5\spring-cloud-starter-3.1.5.jar;C:\Users\md-alfahadansari\.m2\repository\org\springframework\cloud\spring-cloud-context\3.1.5\spring-cloud-context-3.1.5.jar;C:\Users\md-alfahadansari\.m2\repository\org\springframework\security\spring-security-crypto\5.7.4\spring-security-crypto-5.7.4.jar;C:\Users\md-alfahadansari\.m2\repository\org\springframework\cloud\spring-cloud-commons\3.1.5\spring-cloud-commons-3.1.5.jar;C:\Users\md-alfahadansari\.m2\repository\org\springframework\security\spring-security-rsa\1.0.11.RELEASE\spring-security-rsa-1.0.11.RELEASE.jar;C:\Users\md-alfahadansari\.m2\repository\org\bouncycastle\bcpkix-jdk15on\1.69\bcpkix-jdk15on-1.69.jar;C:\Users\md-alfahadansari\.m2\repository\org\bouncycastle\bcprov-jdk15on\1.69\bcprov-jdk15on-1.69.jar;C:\Users\md-alfahadansari\.m2\repository\org\bouncycastle\bcutil-jdk15on\1.69\bcutil-jdk15on-1.69.jar;C:\Users\md-alfahadansari\.m2\repository\org\springframework\cloud\spring-cloud-netflix-eureka-server\3.1.4\spring-cloud-netflix-eureka-server-3.1.4.jar;C:\Users\md-alfahadansari\.m2\repository\org\springframework\boot\spring-boot-starter-web\2.7.5\spring-boot-starter-web-2.7.5.jar;C:\Users\md-alfahadansari\.m2\repository\org\springframework\boot\spring-boot-starter-json\2.7.5\spring-boot-starter-json-2.7.5.jar;C:\Users\md-alfahadansari\.m2\repository\com\fasterxml\jackson\datatype\jackson-datatype-jdk8\2.13.4\jackson-datatype-jdk8-2.13.4.jar;C:\Users\md-alfahadansari\.m2\repository\com\fasterxml\jackson\datatype\jackson-datatype-jsr310\2.13.4\jackson-datatype-jsr310-2.13.4.jar;C:\Users\md-alfahadansari\.m2\repository\com\fasterxml\jackson\module\jackson-module-para
Launcher Type: SUN_STANDARD

[Global flags]
     intx CICompilerCount                          = 4                                         {product} {ergonomic}
     uint ConcGCThreads                            = 2                                         {product} {ergonomic}
     uint G1ConcRefinementThreads                  = 8                                         {product} {ergonomic}
   size_t G1HeapRegionSize                         = 1048576                                   {product} {ergonomic}
    uintx GCDrainStackTargetSize                   = 64                                        {product} {ergonomic}
   size_t InitialHeapSize                          = 266338304                                 {product} {ergonomic}
   size_t MarkStackSize                            = 4194304                                   {product} {ergonomic}
   size_t MaxHeapSize                              = 4229955584                                {product} {ergonomic}
   size_t MaxNewSize                               = 2537553920                                {product} {ergonomic}
   size_t MinHeapDeltaBytes                        = 1048576                                   {product} {ergonomic}
    uintx NonNMethodCodeHeapSize                   = 5835340                                {pd product} {ergonomic}
    uintx NonProfiledCodeHeapSize                  = 122911450                              {pd product} {ergonomic}
    uintx ProfiledCodeHeapSize                     = 122911450                              {pd product} {ergonomic}
    uintx ReservedCodeCacheSize                    = 251658240                              {pd product} {ergonomic}
     bool SegmentedCodeCache                       = true                                      {product} {ergonomic}
     bool UseCompressedClassPointers               = true                                 {lp64_product} {ergonomic}
     bool UseCompressedOops                        = true                                 {lp64_product} {ergonomic}
     bool UseG1GC                                  = true                                      {product} {ergonomic}
     bool UseLargePagesIndividualAllocation        = false                                  {pd product} {ergonomic}

Logging:
Log output configuration:
 #0: stdout all=warning uptime,level,tags
 #1: stderr all=off uptime,level,tags

Environment Variables:
JAVA_HOME=C:\.Net & Java Software\Open JKD -11
PATH=C:\Program Files\Common Files\Oracle\Java\javapath;C:\Windows\system32;C:\Windows;C:\Windows\System32\Wbem;C:\Windows\System32\WindowsPowerShell\v1.0\;C:\Windows\System32\OpenSSH\;C:\Program Files\TortoiseSVN\bin;C:\.Net & Java Software\Open JKD -11bin;C:\Program Files\dotnet\;C:\Program Files\Microsoft SQL Server\130\Tools\Binn\;C:\Program Files\Microsoft SQL Server\Client SDK\ODBC\170\Tools\Binn\;C:\Program Files\nodejs\;C:\Program Files (x86)\Microsoft SQL Server\150\DTS\Binn\;C:\Program Files\Azure Data Studio\bin;C:\Program Files (x86)\Microsoft SQL Server\140\Tools\Binn\;C:\Program Files\Microsoft SQL Server\140\Tools\Binn\;C:\Program Files (x86)\Microsoft SQL Server\140\DTS\Binn\;C:\Program Files\Microsoft SQL Server\140\DTS\Binn\;C:\Program Files\Microsoft SQL Server\Client SDK\ODBC\130\Tools\Binn\;C:\Program Files\Git\cmd;C:\Program Files (x86)\dotnet\;C:\Program Files\Java\jdk-11.0.11\bin;C:\apache-maven-3.8.6\bin;;%SystemRoot%\system32;%SystemRoot%;%SystemRoot%\System32\Wbem;%SYSTEMROOT%\System32\WindowsPowerShell\v1.0\;%SYSTEMROOT%\System32\OpenSSH\;C:\Users\md-alfahadansari\AppData\Local\Microsoft\WindowsApps;C:\Users\md-alfahadansari\.dotnet\tools;C:\Users\md-alfahadansari\AppData\Roaming\npm;C:\Users\md-alfahadansari\AppData\Local\Programs\Microsoft VS Code\bin;C:\Program Files\Azure Data Studio\bin;C:\Program Files\JetBrains\IntelliJ IDEA Community Edition 2022.1.2\bin;;C:\Program Files\MongoDB\Server\6.0\bin;
USERNAME=md-alfahadansari
OS=Windows_NT
PROCESSOR_IDENTIFIER=Intel64 Family 6 Model 142 Stepping 12, GenuineIntel



---------------  S Y S T E M  ---------------

OS: Windows 10 , 64 bit Build 22000 (10.0.22000.1219)

CPU:total 8 (initial active 8) (4 cores per cpu, 2 threads per core) family 6 model 142 stepping 12, cmov, cx8, fxsr, mmx, sse, sse2, sse3, ssse3, sse4.1, sse4.2, popcnt, avx, avx2, aes, clmul, erms, 3dnowpref, lzcnt, ht, tsc, tscinvbit, bmi1, bmi2, adx, fma

Memory: 4k page, system-wide physical 16134M (5586M free)
TotalPageFile size 33670M (AvailPageFile size 9M)
current process WorkingSet (physical memory assigned to process): 197M, peak: 201M
current process commit charge ("private bytes"): 414M, peak: 419M

vm_info: OpenJDK 64-Bit Server VM (11.0.1+13) for windows-amd64 JRE (11.0.1+13), built on Oct  6 2018 13:18:13 by "mach5one" with MS VC++ 15.5 (VS2017)

END.
